\BOOKMARK [0][-]{chapter.1}{\376\377\0001\000\040\000N\000a\000m\000e\000s\000p\000a\000c\000e\000\040\000I\000n\000d\000e\000x}{}% 1
\BOOKMARK [1][-]{section.1.1}{\376\377\0001\000.\0001\000\040\000P\000a\000c\000k\000a\000g\000e\000s}{chapter.1}% 2
\BOOKMARK [0][-]{chapter.2}{\376\377\0002\000\040\000H\000i\000e\000r\000a\000r\000c\000h\000i\000c\000a\000l\000\040\000I\000n\000d\000e\000x}{}% 3
\BOOKMARK [1][-]{section.2.1}{\376\377\0002\000.\0001\000\040\000C\000l\000a\000s\000s\000\040\000H\000i\000e\000r\000a\000r\000c\000h\000y}{chapter.2}% 4
\BOOKMARK [0][-]{chapter.3}{\376\377\0003\000\040\000C\000l\000a\000s\000s\000\040\000I\000n\000d\000e\000x}{}% 5
\BOOKMARK [1][-]{section.3.1}{\376\377\0003\000.\0001\000\040\000C\000l\000a\000s\000s\000\040\000L\000i\000s\000t}{chapter.3}% 6
\BOOKMARK [0][-]{chapter.4}{\376\377\0004\000\040\000F\000i\000l\000e\000\040\000I\000n\000d\000e\000x}{}% 7
\BOOKMARK [1][-]{section.4.1}{\376\377\0004\000.\0001\000\040\000F\000i\000l\000e\000\040\000L\000i\000s\000t}{chapter.4}% 8
\BOOKMARK [0][-]{chapter.5}{\376\377\0005\000\040\000N\000a\000m\000e\000s\000p\000a\000c\000e\000\040\000D\000o\000c\000u\000m\000e\000n\000t\000a\000t\000i\000o\000n}{}% 9
\BOOKMARK [1][-]{section.5.1}{\376\377\0005\000.\0001\000\040\000V\000R\000P\000T\000W\000O\000p\000t\000i\000m\000i\000z\000e\000r\000\040\000N\000a\000m\000e\000s\000p\000a\000c\000e\000\040\000R\000e\000f\000e\000r\000e\000n\000c\000e}{chapter.5}% 10
\BOOKMARK [1][-]{section.5.2}{\376\377\0005\000.\0002\000\040\000V\000R\000P\000T\000W\000O\000p\000t\000i\000m\000i\000z\000e\000r\000.\000D\000i\000s\000t\000a\000n\000c\000e\000P\000r\000o\000v\000i\000d\000e\000r\000s\000\040\000N\000a\000m\000e\000s\000p\000a\000c\000e\000\040\000R\000e\000f\000e\000r\000e\000n\000c\000e}{chapter.5}% 11
\BOOKMARK [1][-]{section.5.3}{\376\377\0005\000.\0003\000\040\000V\000R\000P\000T\000W\000O\000p\000t\000i\000m\000i\000z\000e\000r\000.\000D\000t\000o\000\040\000N\000a\000m\000e\000s\000p\000a\000c\000e\000\040\000R\000e\000f\000e\000r\000e\000n\000c\000e}{chapter.5}% 12
\BOOKMARK [1][-]{section.5.4}{\376\377\0005\000.\0004\000\040\000V\000R\000P\000T\000W\000O\000p\000t\000i\000m\000i\000z\000e\000r\000.\000E\000n\000u\000m\000s\000\040\000N\000a\000m\000e\000s\000p\000a\000c\000e\000\040\000R\000e\000f\000e\000r\000e\000n\000c\000e}{chapter.5}% 13
\BOOKMARK [2][-]{subsection.5.4.1}{\376\377\0005\000.\0004\000.\0001\000\040\000E\000n\000u\000m\000e\000r\000a\000t\000i\000o\000n\000\040\000T\000y\000p\000e\000\040\000D\000o\000c\000u\000m\000e\000n\000t\000a\000t\000i\000o\000n}{section.5.4}% 14
\BOOKMARK [3][-]{subsubsection.5.4.1.1}{\376\377\0005\000.\0004\000.\0001\000.\0001\000\040\000A\000g\000g\000r\000e\000g\000a\000t\000i\000o\000n}{subsection.5.4.1}% 15
\BOOKMARK [3][-]{subsubsection.5.4.1.2}{\376\377\0005\000.\0004\000.\0001\000.\0002\000\040\000C\000a\000r\000g\000o\000T\000y\000p\000e}{subsection.5.4.1}% 16
\BOOKMARK [3][-]{subsubsection.5.4.1.3}{\376\377\0005\000.\0004\000.\0001\000.\0003\000\040\000C\000a\000r\000g\000o\000U\000n\000i\000t\000T\000y\000p\000e}{subsection.5.4.1}% 17
\BOOKMARK [3][-]{subsubsection.5.4.1.4}{\376\377\0005\000.\0004\000.\0001\000.\0004\000\040\000R\000e\000q\000u\000e\000s\000t\000T\000y\000p\000e}{subsection.5.4.1}% 18
\BOOKMARK [1][-]{section.5.5}{\376\377\0005\000.\0005\000\040\000V\000R\000P\000T\000W\000O\000p\000t\000i\000m\000i\000z\000e\000r\000.\000I\000n\000t\000e\000r\000f\000a\000c\000e\000s\000\040\000N\000a\000m\000e\000s\000p\000a\000c\000e\000\040\000R\000e\000f\000e\000r\000e\000n\000c\000e}{chapter.5}% 19
\BOOKMARK [1][-]{section.5.6}{\376\377\0005\000.\0006\000\040\000V\000R\000P\000T\000W\000O\000p\000t\000i\000m\000i\000z\000e\000r\000.\000L\000o\000g\000g\000i\000n\000g\000\040\000N\000a\000m\000e\000s\000p\000a\000c\000e\000\040\000R\000e\000f\000e\000r\000e\000n\000c\000e}{chapter.5}% 20
\BOOKMARK [0][-]{chapter.6}{\376\377\0006\000\040\000C\000l\000a\000s\000s\000\040\000D\000o\000c\000u\000m\000e\000n\000t\000a\000t\000i\000o\000n}{}% 21
\BOOKMARK [1][-]{section.6.1}{\376\377\0006\000.\0001\000\040\000V\000R\000P\000T\000W\000O\000p\000t\000i\000m\000i\000z\000e\000r\000.\000C\000a\000r\000g\000o\000U\000n\000i\000t\000\040\000C\000l\000a\000s\000s\000\040\000R\000e\000f\000e\000r\000e\000n\000c\000e}{chapter.6}% 22
\BOOKMARK [2][-]{subsection.6.1.1}{\376\377\0006\000.\0001\000.\0001\000\040\000D\000e\000t\000a\000i\000l\000e\000d\000\040\000D\000e\000s\000c\000r\000i\000p\000t\000i\000o\000n}{section.6.1}% 23
\BOOKMARK [2][-]{subsection.6.1.2}{\376\377\0006\000.\0001\000.\0002\000\040\000P\000r\000o\000p\000e\000r\000t\000y\000\040\000D\000o\000c\000u\000m\000e\000n\000t\000a\000t\000i\000o\000n}{section.6.1}% 24
\BOOKMARK [3][-]{subsubsection.6.1.2.1}{\376\377\0006\000.\0001\000.\0002\000.\0001\000\040\000C\000a\000r\000g\000o\000G\000r\000o\000u\000p}{subsection.6.1.2}% 25
\BOOKMARK [3][-]{subsubsection.6.1.2.2}{\376\377\0006\000.\0001\000.\0002\000.\0002\000\040\000C\000a\000r\000g\000o\000U\000n\000i\000t\000T\000y\000p\000e}{subsection.6.1.2}% 26
\BOOKMARK [3][-]{subsubsection.6.1.2.3}{\376\377\0006\000.\0001\000.\0002\000.\0003\000\040\000G\000o\000o\000d\000s\000I\000d}{subsection.6.1.2}% 27
\BOOKMARK [3][-]{subsubsection.6.1.2.4}{\376\377\0006\000.\0001\000.\0002\000.\0004\000\040\000G\000o\000o\000d\000s\000N\000a\000m\000e}{subsection.6.1.2}% 28
\BOOKMARK [3][-]{subsubsection.6.1.2.5}{\376\377\0006\000.\0001\000.\0002\000.\0005\000\040\000P\000r\000i\000o\000r\000i\000t\000y}{subsection.6.1.2}% 29
\BOOKMARK [3][-]{subsubsection.6.1.2.6}{\376\377\0006\000.\0001\000.\0002\000.\0006\000\040\000S\000i\000z\000e}{subsection.6.1.2}% 30
\BOOKMARK [3][-]{subsubsection.6.1.2.7}{\376\377\0006\000.\0001\000.\0002\000.\0007\000\040\000U\000n\000i\000t\000s\000C\000o\000u\000n\000t}{subsection.6.1.2}% 31
\BOOKMARK [1][-]{section.6.2}{\376\377\0006\000.\0002\000\040\000V\000R\000P\000T\000W\000O\000p\000t\000i\000m\000i\000z\000e\000r\000.\000D\000i\000s\000t\000a\000n\000c\000e\000P\000r\000o\000v\000i\000d\000e\000r\000s\000.\000D\000i\000c\000t\000i\000o\000n\000a\000r\000y\000D\000i\000s\000t\000a\000n\000c\000e\000P\000r\000o\000v\000i\000d\000e\000r\000B\000a\000s\000e\000\040\000C\000l\000a\000s\000s\000\040\000R\000e\000f\000e\000r\000e\000n\000c\000e}{chapter.6}% 32
\BOOKMARK [2][-]{subsection.6.2.1}{\376\377\0006\000.\0002\000.\0001\000\040\000D\000e\000t\000a\000i\000l\000e\000d\000\040\000D\000e\000s\000c\000r\000i\000p\000t\000i\000o\000n}{section.6.2}% 33
\BOOKMARK [2][-]{subsection.6.2.2}{\376\377\0006\000.\0002\000.\0002\000\040\000C\000o\000n\000s\000t\000r\000u\000c\000t\000o\000r\000\040\000\046\000\040\000D\000e\000s\000t\000r\000u\000c\000t\000o\000r\000\040\000D\000o\000c\000u\000m\000e\000n\000t\000a\000t\000i\000o\000n}{section.6.2}% 34
\BOOKMARK [3][-]{subsubsection.6.2.2.1}{\376\377\0006\000.\0002\000.\0002\000.\0001\000\040\000D\000i\000c\000t\000i\000o\000n\000a\000r\000y\000D\000i\000s\000t\000a\000n\000c\000e\000P\000r\000o\000v\000i\000d\000e\000r\000B\000a\000s\000e\000\050\000\051}{subsection.6.2.2}% 35
\BOOKMARK [2][-]{subsection.6.2.3}{\376\377\0006\000.\0002\000.\0003\000\040\000M\000e\000m\000b\000e\000r\000\040\000F\000u\000n\000c\000t\000i\000o\000n\000\040\000D\000o\000c\000u\000m\000e\000n\000t\000a\000t\000i\000o\000n}{section.6.2}% 36
\BOOKMARK [3][-]{subsubsection.6.2.3.1}{\376\377\0006\000.\0002\000.\0003\000.\0001\000\040\000G\000e\000t\000D\000i\000s\000t\000a\000n\000c\000e\000\050\000\051}{subsection.6.2.3}% 37
\BOOKMARK [3][-]{subsubsection.6.2.3.2}{\376\377\0006\000.\0002\000.\0003\000.\0002\000\040\000I\000n\000i\000t\000i\000a\000l\000i\000z\000e\000D\000i\000s\000t\000a\000n\000c\000e\000D\000i\000c\000t\000i\000o\000n\000a\000r\000y\000\050\000\051}{subsection.6.2.3}% 38
\BOOKMARK [2][-]{subsection.6.2.4}{\376\377\0006\000.\0002\000.\0004\000\040\000M\000e\000m\000b\000e\000r\000\040\000D\000a\000t\000a\000\040\000D\000o\000c\000u\000m\000e\000n\000t\000a\000t\000i\000o\000n}{section.6.2}% 39
\BOOKMARK [3][-]{subsubsection.6.2.4.1}{\376\377\0006\000.\0002\000.\0004\000.\0001\000\040\000d\000i\000s\000t\000a\000n\000c\000e\000M\000a\000t\000r\000i\000x}{subsection.6.2.4}% 40
\BOOKMARK [3][-]{subsubsection.6.2.4.2}{\376\377\0006\000.\0002\000.\0004\000.\0002\000\040\000S\000e\000l\000f\000C\000o\000n\000t\000a\000i\000n}{subsection.6.2.4}% 41
\BOOKMARK [3][-]{subsubsection.6.2.4.3}{\376\377\0006\000.\0002\000.\0004\000.\0003\000\040\000v\000e\000h\000i\000c\000l\000e\000T\000o\000P\000r\000o\000f\000i\000l\000e\000M\000a\000p\000p\000e\000r}{subsection.6.2.4}% 42
\BOOKMARK [2][-]{subsection.6.2.5}{\376\377\0006\000.\0002\000.\0005\000\040\000P\000r\000o\000p\000e\000r\000t\000y\000\040\000D\000o\000c\000u\000m\000e\000n\000t\000a\000t\000i\000o\000n}{section.6.2}% 43
\BOOKMARK [3][-]{subsubsection.6.2.5.1}{\376\377\0006\000.\0002\000.\0005\000.\0001\000\040\000S\000t\000o\000r\000e\000d\000D\000i\000s\000t\000a\000n\000c\000e\000s}{subsection.6.2.5}% 44
\BOOKMARK [1][-]{section.6.3}{\376\377\0006\000.\0003\000\040\000V\000R\000P\000T\000W\000O\000p\000t\000i\000m\000i\000z\000e\000r\000.\000D\000r\000i\000v\000e\000r\000\040\000C\000l\000a\000s\000s\000\040\000R\000e\000f\000e\000r\000e\000n\000c\000e}{chapter.6}% 45
\BOOKMARK [2][-]{subsection.6.3.1}{\376\377\0006\000.\0003\000.\0001\000\040\000D\000e\000t\000a\000i\000l\000e\000d\000\040\000D\000e\000s\000c\000r\000i\000p\000t\000i\000o\000n}{section.6.3}% 46
\BOOKMARK [2][-]{subsection.6.3.2}{\376\377\0006\000.\0003\000.\0002\000\040\000C\000o\000n\000s\000t\000r\000u\000c\000t\000o\000r\000\040\000\046\000\040\000D\000e\000s\000t\000r\000u\000c\000t\000o\000r\000\040\000D\000o\000c\000u\000m\000e\000n\000t\000a\000t\000i\000o\000n}{section.6.3}% 47
\BOOKMARK [3][-]{subsubsection.6.3.2.1}{\376\377\0006\000.\0003\000.\0002\000.\0001\000\040\000D\000r\000i\000v\000e\000r\000\050\000\051}{subsection.6.3.2}% 48
\BOOKMARK [2][-]{subsection.6.3.3}{\376\377\0006\000.\0003\000.\0003\000\040\000P\000r\000o\000p\000e\000r\000t\000y\000\040\000D\000o\000c\000u\000m\000e\000n\000t\000a\000t\000i\000o\000n}{section.6.3}% 49
\BOOKMARK [3][-]{subsubsection.6.3.3.1}{\376\377\0006\000.\0003\000.\0003\000.\0001\000\040\000C\000o\000m\000p\000a\000t\000i\000b\000i\000l\000e\000V\000e\000h\000i\000c\000l\000e\000s\000I\000d\000s}{subsection.6.3.3}% 50
\BOOKMARK [1][-]{section.6.4}{\376\377\0006\000.\0004\000\040\000V\000R\000P\000T\000W\000O\000p\000t\000i\000m\000i\000z\000e\000r\000.\000I\000n\000s\000e\000r\000t\000i\000o\000n\000R\000e\000s\000u\000l\000t\000\040\000C\000l\000a\000s\000s\000\040\000R\000e\000f\000e\000r\000e\000n\000c\000e}{chapter.6}% 51
\BOOKMARK [2][-]{subsection.6.4.1}{\376\377\0006\000.\0004\000.\0001\000\040\000D\000e\000t\000a\000i\000l\000e\000d\000\040\000D\000e\000s\000c\000r\000i\000p\000t\000i\000o\000n}{section.6.4}% 52
\BOOKMARK [2][-]{subsection.6.4.2}{\376\377\0006\000.\0004\000.\0002\000\040\000C\000o\000n\000s\000t\000r\000u\000c\000t\000o\000r\000\040\000\046\000\040\000D\000e\000s\000t\000r\000u\000c\000t\000o\000r\000\040\000D\000o\000c\000u\000m\000e\000n\000t\000a\000t\000i\000o\000n}{section.6.4}% 53
\BOOKMARK [3][-]{subsubsection.6.4.2.1}{\376\377\0006\000.\0004\000.\0002\000.\0001\000\040\000I\000n\000s\000e\000r\000t\000i\000o\000n\000R\000e\000s\000u\000l\000t\000\050\000\051}{subsection.6.4.2}% 54
\BOOKMARK [2][-]{subsection.6.4.3}{\376\377\0006\000.\0004\000.\0003\000\040\000P\000r\000o\000p\000e\000r\000t\000y\000\040\000D\000o\000c\000u\000m\000e\000n\000t\000a\000t\000i\000o\000n}{section.6.4}% 55
\BOOKMARK [3][-]{subsubsection.6.4.3.1}{\376\377\0006\000.\0004\000.\0003\000.\0001\000\040\000E\000x\000p\000e\000c\000t\000e\000d\000A\000r\000r\000i\000v\000e\000T\000i\000m\000e}{subsection.6.4.3}% 56
\BOOKMARK [3][-]{subsubsection.6.4.3.2}{\376\377\0006\000.\0004\000.\0003\000.\0002\000\040\000M\000a\000x\000D\000e\000l\000a\000y}{subsection.6.4.3}% 57
\BOOKMARK [3][-]{subsubsection.6.4.3.3}{\376\377\0006\000.\0004\000.\0003\000.\0003\000\040\000N\000e\000w\000A\000d\000d\000e\000d\000D\000i\000s\000t\000a\000n\000c\000e}{subsection.6.4.3}% 58
\BOOKMARK [3][-]{subsubsection.6.4.3.4}{\376\377\0006\000.\0004\000.\0003\000.\0004\000\040\000N\000e\000w\000N\000e\000x\000t\000A\000r\000r\000i\000v\000e\000T\000i\000m\000e}{subsection.6.4.3}% 59
\BOOKMARK [3][-]{subsubsection.6.4.3.5}{\376\377\0006\000.\0004\000.\0003\000.\0005\000\040\000O\000l\000d\000D\000i\000s\000t\000a\000n\000c\000e\000B\000e\000t\000w\000e\000e\000n}{subsection.6.4.3}% 60
\BOOKMARK [3][-]{subsubsection.6.4.3.6}{\376\377\0006\000.\0004\000.\0003\000.\0006\000\040\000O\000l\000d\000N\000e\000x\000t\000A\000r\000r\000i\000v\000e\000T\000i\000m\000e}{subsection.6.4.3}% 61
\BOOKMARK [3][-]{subsubsection.6.4.3.7}{\376\377\0006\000.\0004\000.\0003\000.\0007\000\040\000S\000u\000c\000c\000e\000s\000s}{subsection.6.4.3}% 62
\BOOKMARK [1][-]{section.6.5}{\376\377\0006\000.\0005\000\040\000V\000R\000P\000T\000W\000O\000p\000t\000i\000m\000i\000z\000e\000r\000.\000I\000n\000t\000e\000r\000f\000a\000c\000e\000s\000.\000I\000R\000o\000u\000t\000e\000\040\000I\000n\000t\000e\000r\000f\000a\000c\000e\000\040\000R\000e\000f\000e\000r\000e\000n\000c\000e}{chapter.6}% 63
\BOOKMARK [2][-]{subsection.6.5.1}{\376\377\0006\000.\0005\000.\0001\000\040\000D\000e\000t\000a\000i\000l\000e\000d\000\040\000D\000e\000s\000c\000r\000i\000p\000t\000i\000o\000n}{section.6.5}% 64
\BOOKMARK [2][-]{subsection.6.5.2}{\376\377\0006\000.\0005\000.\0002\000\040\000P\000r\000o\000p\000e\000r\000t\000y\000\040\000D\000o\000c\000u\000m\000e\000n\000t\000a\000t\000i\000o\000n}{section.6.5}% 65
\BOOKMARK [3][-]{subsubsection.6.5.2.1}{\376\377\0006\000.\0005\000.\0002\000.\0001\000\040\000A\000r\000r\000i\000v\000a\000l\000T\000i\000m\000e\000s}{subsection.6.5.2}% 66
\BOOKMARK [3][-]{subsubsection.6.5.2.2}{\376\377\0006\000.\0005\000.\0002\000.\0002\000\040\000D\000e\000p\000a\000r\000t\000u\000r\000e\000T\000i\000m\000e\000s}{subsection.6.5.2}% 67
\BOOKMARK [3][-]{subsubsection.6.5.2.3}{\376\377\0006\000.\0005\000.\0002\000.\0003\000\040\000D\000i\000s\000t\000a\000n\000c\000e\000s}{subsection.6.5.2}% 68
\BOOKMARK [3][-]{subsubsection.6.5.2.4}{\376\377\0006\000.\0005\000.\0002\000.\0004\000\040\000L\000e\000n\000g\000t\000h}{subsection.6.5.2}% 69
\BOOKMARK [3][-]{subsubsection.6.5.2.5}{\376\377\0006\000.\0005\000.\0002\000.\0005\000\040\000L\000o\000a\000d\000e\000d\000R\000e\000q\000u\000e\000s\000t\000s}{subsection.6.5.2}% 70
\BOOKMARK [3][-]{subsubsection.6.5.2.6}{\376\377\0006\000.\0005\000.\0002\000.\0006\000\040\000M\000a\000x\000D\000e\000l\000a\000y}{subsection.6.5.2}% 71
\BOOKMARK [3][-]{subsubsection.6.5.2.7}{\376\377\0006\000.\0005\000.\0002\000.\0007\000\040\000T\000i\000m\000e\000W\000i\000n\000d\000o\000w\000E\000n\000d}{subsection.6.5.2}% 72
\BOOKMARK [3][-]{subsubsection.6.5.2.8}{\376\377\0006\000.\0005\000.\0002\000.\0008\000\040\000T\000i\000m\000e\000W\000i\000n\000d\000o\000w\000S\000t\000a\000r\000t}{subsection.6.5.2}% 73
\BOOKMARK [3][-]{subsubsection.6.5.2.9}{\376\377\0006\000.\0005\000.\0002\000.\0009\000\040\000T\000o\000t\000a\000l\000D\000e\000l\000a\000y}{subsection.6.5.2}% 74
\BOOKMARK [3][-]{subsubsection.6.5.2.10}{\376\377\0006\000.\0005\000.\0002\000.\0001\0000\000\040\000T\000r\000a\000v\000e\000l\000T\000i\000m\000e}{subsection.6.5.2}% 75
\BOOKMARK [3][-]{subsubsection.6.5.2.11}{\376\377\0006\000.\0005\000.\0002\000.\0001\0001\000\040\000U\000n\000l\000o\000a\000d\000e\000d\000R\000e\000q\000u\000e\000s\000t\000s}{subsection.6.5.2}% 76
\BOOKMARK [3][-]{subsubsection.6.5.2.12}{\376\377\0006\000.\0005\000.\0002\000.\0001\0002\000\040\000V\000e\000h\000i\000c\000l\000e}{subsection.6.5.2}% 77
\BOOKMARK [3][-]{subsubsection.6.5.2.13}{\376\377\0006\000.\0005\000.\0002\000.\0001\0003\000\040\000V\000e\000h\000i\000c\000l\000e\000D\000r\000i\000v\000e\000r}{subsection.6.5.2}% 78
\BOOKMARK [3][-]{subsubsection.6.5.2.14}{\376\377\0006\000.\0005\000.\0002\000.\0001\0004\000\040\000V\000e\000h\000i\000c\000l\000e\000T\000r\000a\000c\000t\000o\000r}{subsection.6.5.2}% 79
\BOOKMARK [3][-]{subsubsection.6.5.2.15}{\376\377\0006\000.\0005\000.\0002\000.\0001\0005\000\040\000V\000i\000s\000i\000t\000e\000d\000L\000o\000c\000a\000t\000i\000o\000n\000s}{subsection.6.5.2}% 80
\BOOKMARK [1][-]{section.6.6}{\376\377\0006\000.\0006\000\040\000V\000R\000P\000T\000W\000O\000p\000t\000i\000m\000i\000z\000e\000r\000.\000I\000n\000t\000e\000r\000f\000a\000c\000e\000s\000.\000I\000T\000i\000m\000e\000E\000s\000t\000i\000m\000a\000t\000o\000r\000\040\000I\000n\000t\000e\000r\000f\000a\000c\000e\000\040\000R\000e\000f\000e\000r\000e\000n\000c\000e}{chapter.6}% 81
\BOOKMARK [2][-]{subsection.6.6.1}{\376\377\0006\000.\0006\000.\0001\000\040\000D\000e\000t\000a\000i\000l\000e\000d\000\040\000D\000e\000s\000c\000r\000i\000p\000t\000i\000o\000n}{section.6.6}% 82
\BOOKMARK [2][-]{subsection.6.6.2}{\376\377\0006\000.\0006\000.\0002\000\040\000M\000e\000m\000b\000e\000r\000\040\000F\000u\000n\000c\000t\000i\000o\000n\000\040\000D\000o\000c\000u\000m\000e\000n\000t\000a\000t\000i\000o\000n}{section.6.6}% 83
\BOOKMARK [3][-]{subsubsection.6.6.2.1}{\376\377\0006\000.\0006\000.\0002\000.\0001\000\040\000E\000s\000t\000i\000m\000a\000t\000e\000L\000o\000a\000d\000U\000n\000l\000o\000a\000d\000T\000i\000m\000e\000\050\000\051}{subsection.6.6.2}% 84
\BOOKMARK [1][-]{section.6.7}{\376\377\0006\000.\0007\000\040\000V\000R\000P\000T\000W\000O\000p\000t\000i\000m\000i\000z\000e\000r\000.\000I\000n\000t\000e\000r\000f\000a\000c\000e\000s\000.\000I\000V\000R\000P\000O\000p\000t\000i\000m\000i\000z\000e\000r\000\040\000I\000n\000t\000e\000r\000f\000a\000c\000e\000\040\000R\000e\000f\000e\000r\000e\000n\000c\000e}{chapter.6}% 85
\BOOKMARK [2][-]{subsection.6.7.1}{\376\377\0006\000.\0007\000.\0001\000\040\000D\000e\000t\000a\000i\000l\000e\000d\000\040\000D\000e\000s\000c\000r\000i\000p\000t\000i\000o\000n}{section.6.7}% 86
\BOOKMARK [2][-]{subsection.6.7.2}{\376\377\0006\000.\0007\000.\0002\000\040\000M\000e\000m\000b\000e\000r\000\040\000F\000u\000n\000c\000t\000i\000o\000n\000\040\000D\000o\000c\000u\000m\000e\000n\000t\000a\000t\000i\000o\000n}{section.6.7}% 87
\BOOKMARK [3][-]{subsubsection.6.7.2.1}{\376\377\0006\000.\0007\000.\0002\000.\0001\000\040\000O\000p\000t\000i\000m\000i\000z\000e\000\050\000\051\000\040\000[\0001\000/\0002\000]}{subsection.6.7.2}% 88
\BOOKMARK [3][-]{subsubsection.6.7.2.2}{\376\377\0006\000.\0007\000.\0002\000.\0002\000\040\000O\000p\000t\000i\000m\000i\000z\000e\000\050\000\051\000\040\000[\0002\000/\0002\000]}{subsection.6.7.2}% 89
\BOOKMARK [1][-]{section.6.8}{\376\377\0006\000.\0008\000\040\000V\000R\000P\000T\000W\000O\000p\000t\000i\000m\000i\000z\000e\000r\000.\000I\000n\000t\000e\000r\000f\000a\000c\000e\000s\000.\000I\000V\000R\000P\000O\000p\000t\000i\000m\000i\000z\000e\000r\000F\000a\000c\000t\000o\000r\000y\000\040\000I\000n\000t\000e\000r\000f\000a\000c\000e\000\040\000R\000e\000f\000e\000r\000e\000n\000c\000e}{chapter.6}% 90
\BOOKMARK [2][-]{subsection.6.8.1}{\376\377\0006\000.\0008\000.\0001\000\040\000D\000e\000t\000a\000i\000l\000e\000d\000\040\000D\000e\000s\000c\000r\000i\000p\000t\000i\000o\000n}{section.6.8}% 91
\BOOKMARK [2][-]{subsection.6.8.2}{\376\377\0006\000.\0008\000.\0002\000\040\000M\000e\000m\000b\000e\000r\000\040\000F\000u\000n\000c\000t\000i\000o\000n\000\040\000D\000o\000c\000u\000m\000e\000n\000t\000a\000t\000i\000o\000n}{section.6.8}% 92
\BOOKMARK [3][-]{subsubsection.6.8.2.1}{\376\377\0006\000.\0008\000.\0002\000.\0001\000\040\000C\000r\000e\000a\000t\000e\000O\000p\000t\000i\000m\000i\000z\000e\000r\000\050\000\051\000\040\000[\0001\000/\0002\000]}{subsection.6.8.2}% 93
\BOOKMARK [3][-]{subsubsection.6.8.2.2}{\376\377\0006\000.\0008\000.\0002\000.\0002\000\040\000C\000r\000e\000a\000t\000e\000O\000p\000t\000i\000m\000i\000z\000e\000r\000\050\000\051\000\040\000[\0002\000/\0002\000]}{subsection.6.8.2}% 94
\BOOKMARK [1][-]{section.6.9}{\376\377\0006\000.\0009\000\040\000V\000R\000P\000T\000W\000O\000p\000t\000i\000m\000i\000z\000e\000r\000.\000I\000n\000t\000e\000r\000f\000a\000c\000e\000s\000.\000I\000V\000R\000P\000P\000r\000o\000v\000i\000d\000e\000r\000\040\000I\000n\000t\000e\000r\000f\000a\000c\000e\000\040\000R\000e\000f\000e\000r\000e\000n\000c\000e}{chapter.6}% 95
\BOOKMARK [2][-]{subsection.6.9.1}{\376\377\0006\000.\0009\000.\0001\000\040\000D\000e\000t\000a\000i\000l\000e\000d\000\040\000D\000e\000s\000c\000r\000i\000p\000t\000i\000o\000n}{section.6.9}% 96
\BOOKMARK [2][-]{subsection.6.9.2}{\376\377\0006\000.\0009\000.\0002\000\040\000M\000e\000m\000b\000e\000r\000\040\000F\000u\000n\000c\000t\000i\000o\000n\000\040\000D\000o\000c\000u\000m\000e\000n\000t\000a\000t\000i\000o\000n}{section.6.9}% 97
\BOOKMARK [3][-]{subsubsection.6.9.2.1}{\376\377\0006\000.\0009\000.\0002\000.\0001\000\040\000L\000o\000a\000d\000D\000a\000t\000a\000\050\000\051}{subsection.6.9.2}% 98
\BOOKMARK [2][-]{subsection.6.9.3}{\376\377\0006\000.\0009\000.\0003\000\040\000P\000r\000o\000p\000e\000r\000t\000y\000\040\000D\000o\000c\000u\000m\000e\000n\000t\000a\000t\000i\000o\000n}{section.6.9}% 99
\BOOKMARK [3][-]{subsubsection.6.9.3.1}{\376\377\0006\000.\0009\000.\0003\000.\0001\000\040\000D\000r\000i\000v\000e\000r\000s}{subsection.6.9.3}% 100
\BOOKMARK [3][-]{subsubsection.6.9.3.2}{\376\377\0006\000.\0009\000.\0003\000.\0002\000\040\000H\000o\000m\000e\000D\000e\000p\000o\000t}{subsection.6.9.3}% 101
\BOOKMARK [3][-]{subsubsection.6.9.3.3}{\376\377\0006\000.\0009\000.\0003\000.\0003\000\040\000R\000e\000q\000u\000e\000s\000t\000s}{subsection.6.9.3}% 102
\BOOKMARK [3][-]{subsubsection.6.9.3.4}{\376\377\0006\000.\0009\000.\0003\000.\0004\000\040\000V\000e\000h\000i\000c\000l\000e\000s}{subsection.6.9.3}% 103
\BOOKMARK [3][-]{subsubsection.6.9.3.5}{\376\377\0006\000.\0009\000.\0003\000.\0005\000\040\000Z\000e\000r\000o\000H\000o\000u\000r}{subsection.6.9.3}% 104
\BOOKMARK [1][-]{section.6.10}{\376\377\0006\000.\0001\0000\000\040\000V\000R\000P\000T\000W\000O\000p\000t\000i\000m\000i\000z\000e\000r\000.\000I\000n\000t\000e\000r\000f\000a\000c\000e\000s\000.\000I\000V\000R\000P\000S\000o\000l\000u\000t\000i\000o\000n\000W\000r\000i\000t\000e\000r\000\040\000I\000n\000t\000e\000r\000f\000a\000c\000e\000\040\000R\000e\000f\000e\000r\000e\000n\000c\000e}{chapter.6}% 105
\BOOKMARK [2][-]{subsection.6.10.1}{\376\377\0006\000.\0001\0000\000.\0001\000\040\000D\000e\000t\000a\000i\000l\000e\000d\000\040\000D\000e\000s\000c\000r\000i\000p\000t\000i\000o\000n}{section.6.10}% 106
\BOOKMARK [2][-]{subsection.6.10.2}{\376\377\0006\000.\0001\0000\000.\0002\000\040\000M\000e\000m\000b\000e\000r\000\040\000F\000u\000n\000c\000t\000i\000o\000n\000\040\000D\000o\000c\000u\000m\000e\000n\000t\000a\000t\000i\000o\000n}{section.6.10}% 107
\BOOKMARK [3][-]{subsubsection.6.10.2.1}{\376\377\0006\000.\0001\0000\000.\0002\000.\0001\000\040\000S\000a\000v\000e\000S\000o\000l\000u\000t\000i\000o\000n\000\050\000\051}{subsection.6.10.2}% 108
\BOOKMARK [1][-]{section.6.11}{\376\377\0006\000.\0001\0001\000\040\000V\000R\000P\000T\000W\000O\000p\000t\000i\000m\000i\000z\000e\000r\000.\000L\000o\000g\000g\000i\000n\000g\000.\000J\000S\000O\000N\000D\000e\000f\000i\000n\000i\000t\000i\000o\000n\000W\000r\000i\000t\000e\000r\000\040\000C\000l\000a\000s\000s\000\040\000R\000e\000f\000e\000r\000e\000n\000c\000e}{chapter.6}% 109
\BOOKMARK [2][-]{subsection.6.11.1}{\376\377\0006\000.\0001\0001\000.\0001\000\040\000D\000e\000t\000a\000i\000l\000e\000d\000\040\000D\000e\000s\000c\000r\000i\000p\000t\000i\000o\000n}{section.6.11}% 110
\BOOKMARK [2][-]{subsection.6.11.2}{\376\377\0006\000.\0001\0001\000.\0002\000\040\000C\000o\000n\000s\000t\000r\000u\000c\000t\000o\000r\000\040\000\046\000\040\000D\000e\000s\000t\000r\000u\000c\000t\000o\000r\000\040\000D\000o\000c\000u\000m\000e\000n\000t\000a\000t\000i\000o\000n}{section.6.11}% 111
\BOOKMARK [3][-]{subsubsection.6.11.2.1}{\376\377\0006\000.\0001\0001\000.\0002\000.\0001\000\040\000J\000S\000O\000N\000D\000e\000f\000i\000n\000i\000t\000i\000o\000n\000W\000r\000i\000t\000e\000r\000\050\000\051}{subsection.6.11.2}% 112
\BOOKMARK [2][-]{subsection.6.11.3}{\376\377\0006\000.\0001\0001\000.\0003\000\040\000M\000e\000m\000b\000e\000r\000\040\000F\000u\000n\000c\000t\000i\000o\000n\000\040\000D\000o\000c\000u\000m\000e\000n\000t\000a\000t\000i\000o\000n}{section.6.11}% 113
\BOOKMARK [3][-]{subsubsection.6.11.3.1}{\376\377\0006\000.\0001\0001\000.\0003\000.\0001\000\040\000S\000a\000v\000e\000S\000o\000l\000u\000t\000i\000o\000n\000\050\000\051}{subsection.6.11.3}% 114
\BOOKMARK [1][-]{section.6.12}{\376\377\0006\000.\0001\0002\000\040\000V\000R\000P\000T\000W\000O\000p\000t\000i\000m\000i\000z\000e\000r\000.\000D\000t\000o\000.\000P\000i\000c\000k\000i\000n\000g\000S\000c\000h\000e\000d\000u\000l\000e\000\040\000C\000l\000a\000s\000s\000\040\000R\000e\000f\000e\000r\000e\000n\000c\000e}{chapter.6}% 115
\BOOKMARK [2][-]{subsection.6.12.1}{\376\377\0006\000.\0001\0002\000.\0001\000\040\000D\000e\000t\000a\000i\000l\000e\000d\000\040\000D\000e\000s\000c\000r\000i\000p\000t\000i\000o\000n}{section.6.12}% 116
\BOOKMARK [2][-]{subsection.6.12.2}{\376\377\0006\000.\0001\0002\000.\0002\000\040\000M\000e\000m\000b\000e\000r\000\040\000F\000u\000n\000c\000t\000i\000o\000n\000\040\000D\000o\000c\000u\000m\000e\000n\000t\000a\000t\000i\000o\000n}{section.6.12}% 117
\BOOKMARK [3][-]{subsubsection.6.12.2.1}{\376\377\0006\000.\0001\0002\000.\0002\000.\0001\000\040\000G\000e\000n\000e\000r\000a\000t\000e\000P\000i\000c\000k\000i\000n\000g\000S\000c\000h\000e\000d\000u\000l\000e\000\050\000\051\000\040\000[\0001\000/\0002\000]}{subsection.6.12.2}% 118
\BOOKMARK [3][-]{subsubsection.6.12.2.2}{\376\377\0006\000.\0001\0002\000.\0002\000.\0002\000\040\000G\000e\000n\000e\000r\000a\000t\000e\000P\000i\000c\000k\000i\000n\000g\000S\000c\000h\000e\000d\000u\000l\000e\000\050\000\051\000\040\000[\0002\000/\0002\000]}{subsection.6.12.2}% 119
\BOOKMARK [3][-]{subsubsection.6.12.2.3}{\376\377\0006\000.\0001\0002\000.\0002\000.\0003\000\040\000T\000r\000y\000S\000a\000v\000e\000T\000o\000F\000i\000l\000e\000\050\000\051}{subsection.6.12.2}% 120
\BOOKMARK [2][-]{subsection.6.12.3}{\376\377\0006\000.\0001\0002\000.\0003\000\040\000P\000r\000o\000p\000e\000r\000t\000y\000\040\000D\000o\000c\000u\000m\000e\000n\000t\000a\000t\000i\000o\000n}{section.6.12}% 121
\BOOKMARK [3][-]{subsubsection.6.12.3.1}{\376\377\0006\000.\0001\0002\000.\0003\000.\0001\000\040\000C\000a\000l\000l\000b\000a\000c\000k\000U\000r\000l}{subsection.6.12.3}% 122
\BOOKMARK [3][-]{subsubsection.6.12.3.2}{\376\377\0006\000.\0001\0002\000.\0003\000.\0002\000\040\000I\000d}{subsection.6.12.3}% 123
\BOOKMARK [3][-]{subsubsection.6.12.3.3}{\376\377\0006\000.\0001\0002\000.\0003\000.\0003\000\040\000O\000r\000d\000e\000r\000s\000C\000r\000e\000a\000t\000e\000D\000a\000t\000e}{subsection.6.12.3}% 124
\BOOKMARK [3][-]{subsubsection.6.12.3.4}{\376\377\0006\000.\0001\0002\000.\0003\000.\0004\000\040\000O\000r\000d\000e\000r\000s\000P\000i\000c\000k\000i\000n\000g\000S\000t\000a\000r\000t}{subsection.6.12.3}% 125
\BOOKMARK [3][-]{subsubsection.6.12.3.5}{\376\377\0006\000.\0001\0002\000.\0003\000.\0005\000\040\000P\000i\000c\000k\000i\000n\000g\000L\000i\000s\000t\000s}{subsection.6.12.3}% 126
\BOOKMARK [3][-]{subsubsection.6.12.3.6}{\376\377\0006\000.\0001\0002\000.\0003\000.\0006\000\040\000V\000e\000h\000i\000c\000l\000e\000s\000A\000v\000a\000i\000l\000a\000b\000i\000l\000i\000t\000y}{subsection.6.12.3}% 127
\BOOKMARK [1][-]{section.6.13}{\376\377\0006\000.\0001\0003\000\040\000V\000R\000P\000T\000W\000O\000p\000t\000i\000m\000i\000z\000e\000r\000.\000R\000e\000s\000o\000u\000r\000c\000e\000\040\000C\000l\000a\000s\000s\000\040\000R\000e\000f\000e\000r\000e\000n\000c\000e}{chapter.6}% 128
\BOOKMARK [2][-]{subsection.6.13.1}{\376\377\0006\000.\0001\0003\000.\0001\000\040\000D\000e\000t\000a\000i\000l\000e\000d\000\040\000D\000e\000s\000c\000r\000i\000p\000t\000i\000o\000n}{section.6.13}% 129
\BOOKMARK [2][-]{subsection.6.13.2}{\376\377\0006\000.\0001\0003\000.\0002\000\040\000C\000o\000n\000s\000t\000r\000u\000c\000t\000o\000r\000\040\000\046\000\040\000D\000e\000s\000t\000r\000u\000c\000t\000o\000r\000\040\000D\000o\000c\000u\000m\000e\000n\000t\000a\000t\000i\000o\000n}{section.6.13}% 130
\BOOKMARK [3][-]{subsubsection.6.13.2.1}{\376\377\0006\000.\0001\0003\000.\0002\000.\0001\000\040\000R\000e\000s\000o\000u\000r\000c\000e\000\050\000\051}{subsection.6.13.2}% 131
\BOOKMARK [2][-]{subsection.6.13.3}{\376\377\0006\000.\0001\0003\000.\0003\000\040\000P\000r\000o\000p\000e\000r\000t\000y\000\040\000D\000o\000c\000u\000m\000e\000n\000t\000a\000t\000i\000o\000n}{section.6.13}% 132
\BOOKMARK [3][-]{subsubsection.6.13.3.1}{\376\377\0006\000.\0001\0003\000.\0003\000.\0001\000\040\000A\000v\000a\000i\000l\000a\000b\000i\000l\000i\000t\000y\000E\000n\000d}{subsection.6.13.3}% 133
\BOOKMARK [3][-]{subsubsection.6.13.3.2}{\376\377\0006\000.\0001\0003\000.\0003\000.\0002\000\040\000A\000v\000a\000i\000l\000a\000b\000i\000l\000i\000t\000y\000S\000t\000a\000r\000t}{subsection.6.13.3}% 134
\BOOKMARK [3][-]{subsubsection.6.13.3.3}{\376\377\0006\000.\0001\0003\000.\0003\000.\0003\000\040\000I\000d}{subsection.6.13.3}% 135
\BOOKMARK [1][-]{section.6.14}{\376\377\0006\000.\0001\0004\000\040\000V\000R\000P\000T\000W\000O\000p\000t\000i\000m\000i\000z\000e\000r\000.\000V\000R\000P\000S\000o\000l\000u\000t\000i\000o\000n\000.\000S\000c\000h\000e\000d\000u\000l\000e\000I\000t\000e\000m\000\040\000C\000l\000a\000s\000s\000\040\000R\000e\000f\000e\000r\000e\000n\000c\000e}{chapter.6}% 136
\BOOKMARK [2][-]{subsection.6.14.1}{\376\377\0006\000.\0001\0004\000.\0001\000\040\000D\000e\000t\000a\000i\000l\000e\000d\000\040\000D\000e\000s\000c\000r\000i\000p\000t\000i\000o\000n}{section.6.14}% 137
\BOOKMARK [2][-]{subsection.6.14.2}{\376\377\0006\000.\0001\0004\000.\0002\000\040\000P\000r\000o\000p\000e\000r\000t\000y\000\040\000D\000o\000c\000u\000m\000e\000n\000t\000a\000t\000i\000o\000n}{section.6.14}% 138
\BOOKMARK [3][-]{subsubsection.6.14.2.1}{\376\377\0006\000.\0001\0004\000.\0002\000.\0001\000\040\000A\000r\000r\000i\000v\000a\000l\000T\000i\000m\000e}{subsection.6.14.2}% 139
\BOOKMARK [3][-]{subsubsection.6.14.2.2}{\376\377\0006\000.\0001\0004\000.\0002\000.\0002\000\040\000D\000e\000l\000a\000y}{subsection.6.14.2}% 140
\BOOKMARK [3][-]{subsubsection.6.14.2.3}{\376\377\0006\000.\0001\0004\000.\0002\000.\0003\000\040\000D\000e\000p\000a\000r\000t\000u\000r\000e\000T\000i\000m\000e}{subsection.6.14.2}% 141
\BOOKMARK [3][-]{subsubsection.6.14.2.4}{\376\377\0006\000.\0001\0004\000.\0002\000.\0004\000\040\000L\000o\000a\000d\000e\000d\000R\000e\000q\000u\000e\000s\000t\000s\000I\000d\000s}{subsection.6.14.2}% 142
\BOOKMARK [3][-]{subsubsection.6.14.2.5}{\376\377\0006\000.\0001\0004\000.\0002\000.\0005\000\040\000L\000o\000c\000a\000t\000i\000o\000n\000I\000d}{subsection.6.14.2}% 143
\BOOKMARK [3][-]{subsubsection.6.14.2.6}{\376\377\0006\000.\0001\0004\000.\0002\000.\0006\000\040\000U\000n\000l\000o\000a\000d\000e\000d\000R\000e\000q\000u\000e\000s\000t\000s\000I\000d\000s}{subsection.6.14.2}% 144
\BOOKMARK [1][-]{section.6.15}{\376\377\0006\000.\0001\0005\000\040\000V\000R\000P\000T\000W\000O\000p\000t\000i\000m\000i\000z\000e\000r\000.\000D\000t\000o\000.\000S\000t\000o\000r\000e\000P\000i\000c\000k\000i\000n\000g\000L\000i\000s\000t\000\040\000C\000l\000a\000s\000s\000\040\000R\000e\000f\000e\000r\000e\000n\000c\000e}{chapter.6}% 145
\BOOKMARK [2][-]{subsection.6.15.1}{\376\377\0006\000.\0001\0005\000.\0001\000\040\000D\000e\000t\000a\000i\000l\000e\000d\000\040\000D\000e\000s\000c\000r\000i\000p\000t\000i\000o\000n}{section.6.15}% 146
\BOOKMARK [2][-]{subsection.6.15.2}{\376\377\0006\000.\0001\0005\000.\0002\000\040\000P\000r\000o\000p\000e\000r\000t\000y\000\040\000D\000o\000c\000u\000m\000e\000n\000t\000a\000t\000i\000o\000n}{section.6.15}% 147
\BOOKMARK [3][-]{subsubsection.6.15.2.1}{\376\377\0006\000.\0001\0005\000.\0002\000.\0001\000\040\000D\000e\000l\000i\000v\000e\000r\000y\000L\000o\000c\000a\000t\000i\000o\000n\000I\000d}{subsection.6.15.2}% 148
\BOOKMARK [3][-]{subsubsection.6.15.2.2}{\376\377\0006\000.\0001\0005\000.\0002\000.\0002\000\040\000E\000p\000C\000o\000u\000n\000t}{subsection.6.15.2}% 149
\BOOKMARK [3][-]{subsubsection.6.15.2.3}{\376\377\0006\000.\0001\0005\000.\0002\000.\0003\000\040\000G\000o\000o\000d\000s\000L\000i\000s\000t}{subsection.6.15.2}% 150
\BOOKMARK [3][-]{subsubsection.6.15.2.4}{\376\377\0006\000.\0001\0005\000.\0002\000.\0004\000\040\000L\000o\000a\000d\000i\000n\000g\000O\000r\000d\000e\000r}{subsection.6.15.2}% 151
\BOOKMARK [1][-]{section.6.16}{\376\377\0006\000.\0001\0006\000\040\000V\000R\000P\000T\000W\000O\000p\000t\000i\000m\000i\000z\000e\000r\000.\000D\000t\000o\000.\000T\000i\000m\000e\000I\000n\000t\000e\000r\000v\000a\000l\000\040\000C\000l\000a\000s\000s\000\040\000R\000e\000f\000e\000r\000e\000n\000c\000e}{chapter.6}% 152
\BOOKMARK [2][-]{subsection.6.16.1}{\376\377\0006\000.\0001\0006\000.\0001\000\040\000D\000e\000t\000a\000i\000l\000e\000d\000\040\000D\000e\000s\000c\000r\000i\000p\000t\000i\000o\000n}{section.6.16}% 153
\BOOKMARK [2][-]{subsection.6.16.2}{\376\377\0006\000.\0001\0006\000.\0002\000\040\000P\000r\000o\000p\000e\000r\000t\000y\000\040\000D\000o\000c\000u\000m\000e\000n\000t\000a\000t\000i\000o\000n}{section.6.16}% 154
\BOOKMARK [3][-]{subsubsection.6.16.2.1}{\376\377\0006\000.\0001\0006\000.\0002\000.\0001\000\040\000A\000v\000a\000i\000l\000a\000b\000i\000l\000i\000t\000y\000E\000n\000d}{subsection.6.16.2}% 155
\BOOKMARK [3][-]{subsubsection.6.16.2.2}{\376\377\0006\000.\0001\0006\000.\0002\000.\0002\000\040\000A\000v\000a\000i\000l\000a\000b\000i\000l\000i\000t\000y\000S\000t\000a\000r\000t}{subsection.6.16.2}% 156
\BOOKMARK [1][-]{section.6.17}{\376\377\0006\000.\0001\0007\000\040\000V\000R\000P\000T\000W\000O\000p\000t\000i\000m\000i\000z\000e\000r\000.\000V\000R\000P\000S\000o\000l\000u\000t\000i\000o\000n\000.\000T\000r\000a\000n\000s\000p\000o\000r\000t\000I\000t\000e\000m\000\040\000C\000l\000a\000s\000s\000\040\000R\000e\000f\000e\000r\000e\000n\000c\000e}{chapter.6}% 157
\BOOKMARK [2][-]{subsection.6.17.1}{\376\377\0006\000.\0001\0007\000.\0001\000\040\000D\000e\000t\000a\000i\000l\000e\000d\000\040\000D\000e\000s\000c\000r\000i\000p\000t\000i\000o\000n}{section.6.17}% 158
\BOOKMARK [2][-]{subsection.6.17.2}{\376\377\0006\000.\0001\0007\000.\0002\000\040\000P\000r\000o\000p\000e\000r\000t\000y\000\040\000D\000o\000c\000u\000m\000e\000n\000t\000a\000t\000i\000o\000n}{section.6.17}% 159
\BOOKMARK [3][-]{subsubsection.6.17.2.1}{\376\377\0006\000.\0001\0007\000.\0002\000.\0001\000\040\000A\000v\000a\000i\000l\000a\000b\000l\000e\000F\000o\000r\000L\000o\000a\000d\000i\000n\000g\000T\000i\000m\000e}{subsection.6.17.2}% 160
\BOOKMARK [3][-]{subsubsection.6.17.2.2}{\376\377\0006\000.\0001\0007\000.\0002\000.\0002\000\040\000A\000v\000a\000i\000l\000a\000b\000l\000e\000F\000o\000r\000N\000e\000x\000t\000A\000s\000s\000i\000g\000n\000m\000e\000n\000t\000T\000i\000m\000e}{subsection.6.17.2}% 161
\BOOKMARK [3][-]{subsubsection.6.17.2.3}{\376\377\0006\000.\0001\0007\000.\0002\000.\0003\000\040\000D\000r\000i\000v\000e\000r\000I\000d}{subsection.6.17.2}% 162
\BOOKMARK [3][-]{subsubsection.6.17.2.4}{\376\377\0006\000.\0001\0007\000.\0002\000.\0004\000\040\000F\000i\000l\000l\000I\000n\000R\000a\000t\000i\000o}{subsection.6.17.2}% 163
\BOOKMARK [3][-]{subsubsection.6.17.2.5}{\376\377\0006\000.\0001\0007\000.\0002\000.\0005\000\040\000L\000e\000n\000g\000t\000h}{subsection.6.17.2}% 164
\BOOKMARK [3][-]{subsubsection.6.17.2.6}{\376\377\0006\000.\0001\0007\000.\0002\000.\0006\000\040\000S\000c\000h\000e\000d\000u\000l\000e}{subsection.6.17.2}% 165
\BOOKMARK [3][-]{subsubsection.6.17.2.7}{\376\377\0006\000.\0001\0007\000.\0002\000.\0007\000\040\000T\000r\000a\000c\000t\000o\000r\000I\000d}{subsection.6.17.2}% 166
\BOOKMARK [3][-]{subsubsection.6.17.2.8}{\376\377\0006\000.\0001\0007\000.\0002\000.\0008\000\040\000T\000r\000a\000i\000l\000e\000r\000T\000r\000u\000c\000k\000I\000d}{subsection.6.17.2}% 167
\BOOKMARK [3][-]{subsubsection.6.17.2.9}{\376\377\0006\000.\0001\0007\000.\0002\000.\0009\000\040\000T\000r\000a\000n\000s\000p\000o\000r\000t\000I\000d}{subsection.6.17.2}% 168
\BOOKMARK [1][-]{section.6.18}{\376\377\0006\000.\0001\0008\000\040\000V\000R\000P\000T\000W\000O\000p\000t\000i\000m\000i\000z\000e\000r\000.\000D\000t\000o\000.\000T\000r\000a\000n\000s\000p\000o\000r\000t\000P\000i\000c\000k\000i\000n\000g\000L\000i\000s\000t\000s\000\040\000C\000l\000a\000s\000s\000\040\000R\000e\000f\000e\000r\000e\000n\000c\000e}{chapter.6}% 169
\BOOKMARK [2][-]{subsection.6.18.1}{\376\377\0006\000.\0001\0008\000.\0001\000\040\000D\000e\000t\000a\000i\000l\000e\000d\000\040\000D\000e\000s\000c\000r\000i\000p\000t\000i\000o\000n}{section.6.18}% 170
\BOOKMARK [2][-]{subsection.6.18.2}{\376\377\0006\000.\0001\0008\000.\0002\000\040\000P\000r\000o\000p\000e\000r\000t\000y\000\040\000D\000o\000c\000u\000m\000e\000n\000t\000a\000t\000i\000o\000n}{section.6.18}% 171
\BOOKMARK [3][-]{subsubsection.6.18.2.1}{\376\377\0006\000.\0001\0008\000.\0002\000.\0001\000\040\000C\000a\000p\000a\000c\000i\000t\000y\000V\000e\000h\000i\000c\000l\000e\000T\000y\000p\000e}{subsection.6.18.2}% 172
\BOOKMARK [3][-]{subsubsection.6.18.2.2}{\376\377\0006\000.\0001\0008\000.\0002\000.\0002\000\040\000D\000e\000s\000i\000r\000e\000d\000D\000e\000p\000a\000r\000t\000u\000r\000e\000T\000i\000m\000e}{subsection.6.18.2}% 173
\BOOKMARK [3][-]{subsubsection.6.18.2.3}{\376\377\0006\000.\0001\0008\000.\0002\000.\0003\000\040\000E\000p\000C\000a\000p\000a\000c\000i\000t\000y}{subsection.6.18.2}% 174
\BOOKMARK [3][-]{subsubsection.6.18.2.4}{\376\377\0006\000.\0001\0008\000.\0002\000.\0004\000\040\000M\000a\000x\000E\000p\000C\000a\000p\000a\000c\000i\000t\000y}{subsection.6.18.2}% 175
\BOOKMARK [3][-]{subsubsection.6.18.2.5}{\376\377\0006\000.\0001\0008\000.\0002\000.\0005\000\040\000S\000e\000m\000i\000T\000r\000a\000i\000l\000e\000r\000T\000r\000u\000c\000k\000I\000d}{subsection.6.18.2}% 176
\BOOKMARK [3][-]{subsubsection.6.18.2.6}{\376\377\0006\000.\0001\0008\000.\0002\000.\0006\000\040\000S\000t\000o\000r\000e\000O\000r\000d\000e\000r\000s}{subsection.6.18.2}% 177
\BOOKMARK [3][-]{subsubsection.6.18.2.7}{\376\377\0006\000.\0001\0008\000.\0002\000.\0007\000\040\000T\000r\000a\000n\000s\000p\000o\000r\000t\000I\000d}{subsection.6.18.2}% 178
\BOOKMARK [1][-]{section.6.19}{\376\377\0006\000.\0001\0009\000\040\000V\000R\000P\000T\000W\000O\000p\000t\000i\000m\000i\000z\000e\000r\000.\000T\000r\000a\000n\000s\000p\000o\000r\000t\000R\000e\000q\000u\000e\000s\000t\000\040\000C\000l\000a\000s\000s\000\040\000R\000e\000f\000e\000r\000e\000n\000c\000e}{chapter.6}% 179
\BOOKMARK [2][-]{subsection.6.19.1}{\376\377\0006\000.\0001\0009\000.\0001\000\040\000D\000e\000t\000a\000i\000l\000e\000d\000\040\000D\000e\000s\000c\000r\000i\000p\000t\000i\000o\000n}{section.6.19}% 180
\BOOKMARK [2][-]{subsection.6.19.2}{\376\377\0006\000.\0001\0009\000.\0002\000\040\000C\000o\000n\000s\000t\000r\000u\000c\000t\000o\000r\000\040\000\046\000\040\000D\000e\000s\000t\000r\000u\000c\000t\000o\000r\000\040\000D\000o\000c\000u\000m\000e\000n\000t\000a\000t\000i\000o\000n}{section.6.19}% 181
\BOOKMARK [3][-]{subsubsection.6.19.2.1}{\376\377\0006\000.\0001\0009\000.\0002\000.\0001\000\040\000T\000r\000a\000n\000s\000p\000o\000r\000t\000R\000e\000q\000u\000e\000s\000t\000\050\000\051}{subsection.6.19.2}% 182
\BOOKMARK [2][-]{subsection.6.19.3}{\376\377\0006\000.\0001\0009\000.\0003\000\040\000M\000e\000m\000b\000e\000r\000\040\000F\000u\000n\000c\000t\000i\000o\000n\000\040\000D\000o\000c\000u\000m\000e\000n\000t\000a\000t\000i\000o\000n}{section.6.19}% 183
\BOOKMARK [3][-]{subsubsection.6.19.3.1}{\376\377\0006\000.\0001\0009\000.\0003\000.\0001\000\040\000E\000x\000t\000r\000a\000c\000t\000B\000e\000s\000t\000F\000i\000t\000R\000e\000q\000u\000e\000s\000t\000s\000\050\000\051}{subsection.6.19.3}% 184
\BOOKMARK [2][-]{subsection.6.19.4}{\376\377\0006\000.\0001\0009\000.\0004\000\040\000P\000r\000o\000p\000e\000r\000t\000y\000\040\000D\000o\000c\000u\000m\000e\000n\000t\000a\000t\000i\000o\000n}{section.6.19}% 185
\BOOKMARK [3][-]{subsubsection.6.19.4.1}{\376\377\0006\000.\0001\0009\000.\0004\000.\0001\000\040\000C\000a\000r\000g\000o\000T\000y\000p\000e}{subsection.6.19.4}% 186
\BOOKMARK [3][-]{subsubsection.6.19.4.2}{\376\377\0006\000.\0001\0009\000.\0004\000.\0002\000\040\000C\000a\000r\000g\000o\000T\000y\000p\000e\000s}{subsection.6.19.4}% 187
\BOOKMARK [3][-]{subsubsection.6.19.4.3}{\376\377\0006\000.\0001\0009\000.\0004\000.\0003\000\040\000D\000e\000l\000i\000v\000e\000r\000y\000A\000v\000a\000i\000l\000a\000b\000l\000e\000T\000i\000m\000e\000W\000i\000n\000d\000o\000w\000E\000n\000d}{subsection.6.19.4}% 188
\BOOKMARK [3][-]{subsubsection.6.19.4.4}{\376\377\0006\000.\0001\0009\000.\0004\000.\0004\000\040\000D\000e\000l\000i\000v\000e\000r\000y\000A\000v\000a\000i\000l\000a\000b\000l\000e\000T\000i\000m\000e\000W\000i\000n\000d\000o\000w\000S\000t\000a\000r\000t}{subsection.6.19.4}% 189
\BOOKMARK [3][-]{subsubsection.6.19.4.5}{\376\377\0006\000.\0001\0009\000.\0004\000.\0005\000\040\000D\000e\000l\000i\000v\000e\000r\000y\000L\000o\000c\000a\000t\000i\000o\000n}{subsection.6.19.4}% 190
\BOOKMARK [3][-]{subsubsection.6.19.4.6}{\376\377\0006\000.\0001\0009\000.\0004\000.\0006\000\040\000D\000e\000l\000i\000v\000e\000r\000y\000P\000r\000e\000f\000e\000r\000e\000d\000T\000i\000m\000e\000W\000i\000n\000d\000o\000w\000E\000n\000d}{subsection.6.19.4}% 191
\BOOKMARK [3][-]{subsubsection.6.19.4.7}{\376\377\0006\000.\0001\0009\000.\0004\000.\0007\000\040\000D\000e\000l\000i\000v\000e\000r\000y\000P\000r\000e\000f\000e\000r\000e\000d\000T\000i\000m\000e\000W\000i\000n\000d\000o\000w\000S\000t\000a\000r\000t}{subsection.6.19.4}% 192
\BOOKMARK [3][-]{subsubsection.6.19.4.8}{\376\377\0006\000.\0001\0009\000.\0004\000.\0008\000\040\000I\000d}{subsection.6.19.4}% 193
\BOOKMARK [3][-]{subsubsection.6.19.4.9}{\376\377\0006\000.\0001\0009\000.\0004\000.\0009\000\040\000M\000a\000x\000V\000e\000h\000i\000c\000l\000e\000S\000i\000z\000e}{subsection.6.19.4}% 194
\BOOKMARK [3][-]{subsubsection.6.19.4.10}{\376\377\0006\000.\0001\0009\000.\0004\000.\0001\0000\000\040\000M\000u\000t\000u\000a\000l\000l\000y\000E\000x\000c\000l\000u\000s\000i\000v\000e\000R\000e\000q\000u\000e\000s\000t\000s\000I\000d\000T\000i\000m\000e\000B\000u\000f\000f\000e\000r\000D\000i\000c\000t}{subsection.6.19.4}% 195
\BOOKMARK [3][-]{subsubsection.6.19.4.11}{\376\377\0006\000.\0001\0009\000.\0004\000.\0001\0001\000\040\000N\000a\000m\000e}{subsection.6.19.4}% 196
\BOOKMARK [3][-]{subsubsection.6.19.4.12}{\376\377\0006\000.\0001\0009\000.\0004\000.\0001\0002\000\040\000N\000e\000c\000e\000s\000s\000a\000r\000y\000V\000e\000h\000i\000c\000l\000e\000S\000p\000e\000c\000i\000a\000l\000P\000r\000o\000p\000e\000r\000t\000i\000e\000s}{subsection.6.19.4}% 197
\BOOKMARK [3][-]{subsubsection.6.19.4.13}{\376\377\0006\000.\0001\0009\000.\0004\000.\0001\0003\000\040\000P\000a\000c\000k\000a\000g\000e\000C\000o\000u\000n\000t}{subsection.6.19.4}% 198
\BOOKMARK [3][-]{subsubsection.6.19.4.14}{\376\377\0006\000.\0001\0009\000.\0004\000.\0001\0004\000\040\000P\000a\000c\000k\000a\000g\000e\000C\000o\000u\000n\000t\000F\000o\000r\000I\000m\000e\000d\000i\000a\000t\000e\000R\000e\000t\000r\000i\000e\000v\000a\000l}{subsection.6.19.4}% 199
\BOOKMARK [3][-]{subsubsection.6.19.4.15}{\376\377\0006\000.\0001\0009\000.\0004\000.\0001\0005\000\040\000P\000i\000c\000k\000u\000p\000A\000v\000a\000i\000l\000a\000b\000l\000e\000T\000i\000m\000e\000W\000i\000n\000d\000o\000w\000E\000n\000d}{subsection.6.19.4}% 200
\BOOKMARK [3][-]{subsubsection.6.19.4.16}{\376\377\0006\000.\0001\0009\000.\0004\000.\0001\0006\000\040\000P\000i\000c\000k\000u\000p\000A\000v\000a\000i\000l\000a\000b\000l\000e\000T\000i\000m\000e\000W\000i\000n\000d\000o\000w\000S\000t\000a\000r\000t}{subsection.6.19.4}% 201
\BOOKMARK [3][-]{subsubsection.6.19.4.17}{\376\377\0006\000.\0001\0009\000.\0004\000.\0001\0007\000\040\000P\000i\000c\000k\000u\000p\000L\000o\000c\000a\000t\000i\000o\000n}{subsection.6.19.4}% 202
\BOOKMARK [3][-]{subsubsection.6.19.4.18}{\376\377\0006\000.\0001\0009\000.\0004\000.\0001\0008\000\040\000P\000i\000c\000k\000u\000p\000P\000r\000e\000f\000e\000r\000e\000d\000T\000i\000m\000e\000W\000i\000n\000d\000o\000w\000E\000n\000d}{subsection.6.19.4}% 203
\BOOKMARK [3][-]{subsubsection.6.19.4.19}{\376\377\0006\000.\0001\0009\000.\0004\000.\0001\0009\000\040\000P\000i\000c\000k\000u\000p\000P\000r\000e\000f\000e\000r\000e\000d\000T\000i\000m\000e\000W\000i\000n\000d\000o\000w\000S\000t\000a\000r\000t}{subsection.6.19.4}% 204
\BOOKMARK [3][-]{subsubsection.6.19.4.20}{\376\377\0006\000.\0001\0009\000.\0004\000.\0002\0000\000\040\000R\000e\000s\000t\000r\000i\000c\000t\000e\000d\000C\000a\000r\000g\000o\000T\000y\000p\000e\000s}{subsection.6.19.4}% 205
\BOOKMARK [3][-]{subsubsection.6.19.4.21}{\376\377\0006\000.\0001\0009\000.\0004\000.\0002\0001\000\040\000R\000e\000v\000e\000n\000u\000e\000V\000a\000l\000u\000e}{subsection.6.19.4}% 206
\BOOKMARK [3][-]{subsubsection.6.19.4.22}{\376\377\0006\000.\0001\0009\000.\0004\000.\0002\0002\000\040\000S\000i\000z\000e}{subsection.6.19.4}% 207
\BOOKMARK [3][-]{subsubsection.6.19.4.23}{\376\377\0006\000.\0001\0009\000.\0004\000.\0002\0003\000\040\000T\000y\000p\000e}{subsection.6.19.4}% 208
\BOOKMARK [1][-]{section.6.20}{\376\377\0006\000.\0002\0000\000\040\000V\000R\000P\000T\000W\000O\000p\000t\000i\000m\000i\000z\000e\000r\000.\000V\000e\000h\000i\000c\000l\000e\000\040\000C\000l\000a\000s\000s\000\040\000R\000e\000f\000e\000r\000e\000n\000c\000e}{chapter.6}% 209
\BOOKMARK [2][-]{subsection.6.20.1}{\376\377\0006\000.\0002\0000\000.\0001\000\040\000D\000e\000t\000a\000i\000l\000e\000d\000\040\000D\000e\000s\000c\000r\000i\000p\000t\000i\000o\000n}{section.6.20}% 210
\BOOKMARK [2][-]{subsection.6.20.2}{\376\377\0006\000.\0002\0000\000.\0002\000\040\000C\000o\000n\000s\000t\000r\000u\000c\000t\000o\000r\000\040\000\046\000\040\000D\000e\000s\000t\000r\000u\000c\000t\000o\000r\000\040\000D\000o\000c\000u\000m\000e\000n\000t\000a\000t\000i\000o\000n}{section.6.20}% 211
\BOOKMARK [3][-]{subsubsection.6.20.2.1}{\376\377\0006\000.\0002\0000\000.\0002\000.\0001\000\040\000V\000e\000h\000i\000c\000l\000e\000\050\000\051\000\040\000[\0001\000/\0002\000]}{subsection.6.20.2}% 212
\BOOKMARK [3][-]{subsubsection.6.20.2.2}{\376\377\0006\000.\0002\0000\000.\0002\000.\0002\000\040\000V\000e\000h\000i\000c\000l\000e\000\050\000\051\000\040\000[\0002\000/\0002\000]}{subsection.6.20.2}% 213
\BOOKMARK [2][-]{subsection.6.20.3}{\376\377\0006\000.\0002\0000\000.\0003\000\040\000M\000e\000m\000b\000e\000r\000\040\000F\000u\000n\000c\000t\000i\000o\000n\000\040\000D\000o\000c\000u\000m\000e\000n\000t\000a\000t\000i\000o\000n}{section.6.20}% 214
\BOOKMARK [3][-]{subsubsection.6.20.3.1}{\376\377\0006\000.\0002\0000\000.\0003\000.\0001\000\040\000C\000a\000n\000F\000i\000t\000C\000a\000p\000a\000c\000i\000t\000y\000\050\000\051}{subsection.6.20.3}% 215
\BOOKMARK [3][-]{subsubsection.6.20.3.2}{\376\377\0006\000.\0002\0000\000.\0003\000.\0002\000\040\000C\000a\000n\000F\000i\000t\000R\000e\000q\000u\000e\000s\000t\000s\000\050\000\051}{subsection.6.20.3}% 216
\BOOKMARK [3][-]{subsubsection.6.20.3.3}{\376\377\0006\000.\0002\0000\000.\0003\000.\0003\000\040\000C\000a\000n\000F\000i\000t\000R\000e\000q\000u\000e\000s\000t\000s\000S\000o\000m\000e\000w\000h\000e\000r\000e\000I\000n\000V\000e\000h\000i\000c\000l\000e\000\050\000\051}{subsection.6.20.3}% 217
\BOOKMARK [3][-]{subsubsection.6.20.3.4}{\376\377\0006\000.\0002\0000\000.\0003\000.\0004\000\040\000C\000a\000n\000H\000a\000n\000d\000l\000e\000R\000e\000q\000u\000e\000s\000t\000\050\000\051}{subsection.6.20.3}% 218
\BOOKMARK [2][-]{subsection.6.20.4}{\376\377\0006\000.\0002\0000\000.\0004\000\040\000P\000r\000o\000p\000e\000r\000t\000y\000\040\000D\000o\000c\000u\000m\000e\000n\000t\000a\000t\000i\000o\000n}{section.6.20}% 219
\BOOKMARK [3][-]{subsubsection.6.20.4.1}{\376\377\0006\000.\0002\0000\000.\0004\000.\0001\000\040\000C\000a\000p\000a\000c\000i\000t\000y}{subsection.6.20.4}% 220
\BOOKMARK [3][-]{subsubsection.6.20.4.2}{\376\377\0006\000.\0002\0000\000.\0004\000.\0002\000\040\000C\000a\000p\000a\000c\000i\000t\000y\000A\000g\000g\000r\000e\000g\000a\000t\000i\000o\000n\000T\000y\000p\000e}{subsection.6.20.4}% 221
\BOOKMARK [3][-]{subsubsection.6.20.4.3}{\376\377\0006\000.\0002\0000\000.\0004\000.\0003\000\040\000F\000i\000n\000a\000l\000L\000o\000c\000a\000t\000i\000o\000n}{subsection.6.20.4}% 222
\BOOKMARK [3][-]{subsubsection.6.20.4.4}{\376\377\0006\000.\0002\0000\000.\0004\000.\0004\000\040\000I\000n\000i\000t\000i\000a\000l\000L\000o\000c\000a\000t\000i\000o\000n}{subsection.6.20.4}% 223
\BOOKMARK [3][-]{subsubsection.6.20.4.5}{\376\377\0006\000.\0002\0000\000.\0004\000.\0005\000\040\000M\000a\000x\000R\000i\000d\000e\000T\000i\000m\000e}{subsection.6.20.4}% 224
\BOOKMARK [3][-]{subsubsection.6.20.4.6}{\376\377\0006\000.\0002\0000\000.\0004\000.\0006\000\040\000O\000w\000n\000e\000r\000I\000D}{subsection.6.20.4}% 225
\BOOKMARK [3][-]{subsubsection.6.20.4.7}{\376\377\0006\000.\0002\0000\000.\0004\000.\0007\000\040\000R\000o\000a\000d\000P\000r\000o\000p\000e\000r\000t\000i\000e\000s}{subsection.6.20.4}% 226
\BOOKMARK [3][-]{subsubsection.6.20.4.8}{\376\377\0006\000.\0002\0000\000.\0004\000.\0008\000\040\000S\000p\000e\000c\000i\000a\000l\000P\000r\000o\000p\000e\000r\000t\000i\000e\000s}{subsection.6.20.4}% 227
\BOOKMARK [3][-]{subsubsection.6.20.4.9}{\376\377\0006\000.\0002\0000\000.\0004\000.\0009\000\040\000T\000y\000p\000e}{subsection.6.20.4}% 228
\BOOKMARK [3][-]{subsubsection.6.20.4.10}{\376\377\0006\000.\0002\0000\000.\0004\000.\0001\0000\000\040\000V\000e\000h\000i\000c\000l\000e\000C\000o\000s\000t\000P\000e\000r\000D\000i\000s\000t\000a\000n\000c\000e\000U\000n\000i\000t}{subsection.6.20.4}% 229
\BOOKMARK [3][-]{subsubsection.6.20.4.11}{\376\377\0006\000.\0002\0000\000.\0004\000.\0001\0001\000\040\000V\000e\000h\000i\000c\000l\000e\000C\000o\000s\000t\000P\000e\000r\000T\000i\000m\000e\000U\000n\000i\000t}{subsection.6.20.4}% 230
\BOOKMARK [3][-]{subsubsection.6.20.4.12}{\376\377\0006\000.\0002\0000\000.\0004\000.\0001\0002\000\040\000V\000e\000h\000i\000c\000l\000e\000C\000o\000s\000t\000P\000e\000r\000U\000s\000a\000g\000e}{subsection.6.20.4}% 231
\BOOKMARK [3][-]{subsubsection.6.20.4.13}{\376\377\0006\000.\0002\0000\000.\0004\000.\0001\0003\000\040\000V\000e\000h\000i\000c\000l\000e\000F\000l\000a\000t\000C\000o\000s\000t\000F\000o\000r\000S\000h\000o\000r\000t\000R\000o\000u\000t\000e\000L\000e\000n\000g\000t\000h}{subsection.6.20.4}% 232
\BOOKMARK [3][-]{subsubsection.6.20.4.14}{\376\377\0006\000.\0002\0000\000.\0004\000.\0001\0004\000\040\000V\000e\000h\000i\000c\000l\000e\000M\000a\000x\000R\000o\000u\000t\000e\000L\000e\000n\000g\000t\000h\000F\000o\000r\000F\000l\000a\000t\000C\000o\000s\000t}{subsection.6.20.4}% 233
\BOOKMARK [1][-]{section.6.21}{\376\377\0006\000.\0002\0001\000\040\000V\000R\000P\000T\000W\000O\000p\000t\000i\000m\000i\000z\000e\000r\000.\000D\000t\000o\000.\000V\000e\000h\000i\000c\000l\000e\000S\000c\000h\000e\000d\000u\000l\000e\000\040\000C\000l\000a\000s\000s\000\040\000R\000e\000f\000e\000r\000e\000n\000c\000e}{chapter.6}% 234
\BOOKMARK [2][-]{subsection.6.21.1}{\376\377\0006\000.\0002\0001\000.\0001\000\040\000D\000e\000t\000a\000i\000l\000e\000d\000\040\000D\000e\000s\000c\000r\000i\000p\000t\000i\000o\000n}{section.6.21}% 235
\BOOKMARK [2][-]{subsection.6.21.2}{\376\377\0006\000.\0002\0001\000.\0002\000\040\000P\000r\000o\000p\000e\000r\000t\000y\000\040\000D\000o\000c\000u\000m\000e\000n\000t\000a\000t\000i\000o\000n}{section.6.21}% 236
\BOOKMARK [3][-]{subsubsection.6.21.2.1}{\376\377\0006\000.\0002\0001\000.\0002\000.\0001\000\040\000C\000a\000p\000a\000c\000i\000t\000y\000V\000e\000h\000i\000c\000l\000e\000T\000y\000p\000e}{subsection.6.21.2}% 237
\BOOKMARK [3][-]{subsubsection.6.21.2.2}{\376\377\0006\000.\0002\0001\000.\0002\000.\0002\000\040\000E\000p\000C\000a\000p\000a\000c\000i\000t\000y}{subsection.6.21.2}% 238
\BOOKMARK [3][-]{subsubsection.6.21.2.3}{\376\377\0006\000.\0002\0001\000.\0002\000.\0003\000\040\000V\000e\000h\000i\000c\000l\000e\000I\000d}{subsection.6.21.2}% 239
\BOOKMARK [3][-]{subsubsection.6.21.2.4}{\376\377\0006\000.\0002\0001\000.\0002\000.\0004\000\040\000Y\000a\000r\000d\000A\000v\000a\000i\000l\000a\000b\000i\000l\000i\000t\000y\000S\000c\000h\000e\000d\000u\000l\000e}{subsection.6.21.2}% 240
\BOOKMARK [1][-]{section.6.22}{\376\377\0006\000.\0002\0002\000\040\000V\000R\000P\000T\000W\000O\000p\000t\000i\000m\000i\000z\000e\000r\000.\000V\000R\000P\000C\000o\000s\000t\000F\000u\000n\000c\000t\000i\000o\000n\000\040\000C\000l\000a\000s\000s\000\040\000R\000e\000f\000e\000r\000e\000n\000c\000e}{chapter.6}% 241
\BOOKMARK [2][-]{subsection.6.22.1}{\376\377\0006\000.\0002\0002\000.\0001\000\040\000D\000e\000t\000a\000i\000l\000e\000d\000\040\000D\000e\000s\000c\000r\000i\000p\000t\000i\000o\000n}{section.6.22}% 242
\BOOKMARK [2][-]{subsection.6.22.2}{\376\377\0006\000.\0002\0002\000.\0002\000\040\000C\000o\000n\000s\000t\000r\000u\000c\000t\000o\000r\000\040\000\046\000\040\000D\000e\000s\000t\000r\000u\000c\000t\000o\000r\000\040\000D\000o\000c\000u\000m\000e\000n\000t\000a\000t\000i\000o\000n}{section.6.22}% 243
\BOOKMARK [3][-]{subsubsection.6.22.2.1}{\376\377\0006\000.\0002\0002\000.\0002\000.\0001\000\040\000V\000R\000P\000C\000o\000s\000t\000F\000u\000n\000c\000t\000i\000o\000n\000\050\000\051\000\040\000[\0001\000/\0002\000]}{subsection.6.22.2}% 244
\BOOKMARK [3][-]{subsubsection.6.22.2.2}{\376\377\0006\000.\0002\0002\000.\0002\000.\0002\000\040\000V\000R\000P\000C\000o\000s\000t\000F\000u\000n\000c\000t\000i\000o\000n\000\050\000\051\000\040\000[\0002\000/\0002\000]}{subsection.6.22.2}% 245
\BOOKMARK [2][-]{subsection.6.22.3}{\376\377\0006\000.\0002\0002\000.\0003\000\040\000M\000e\000m\000b\000e\000r\000\040\000F\000u\000n\000c\000t\000i\000o\000n\000\040\000D\000o\000c\000u\000m\000e\000n\000t\000a\000t\000i\000o\000n}{section.6.22}% 246
\BOOKMARK [3][-]{subsubsection.6.22.3.1}{\376\377\0006\000.\0002\0002\000.\0003\000.\0001\000\040\000C\000o\000m\000p\000u\000t\000e\000F\000i\000l\000l\000I\000n\000F\000a\000c\000t\000o\000r\000\050\000\051\000\040\000[\0001\000/\0002\000]}{subsection.6.22.3}% 247
\BOOKMARK [3][-]{subsubsection.6.22.3.2}{\376\377\0006\000.\0002\0002\000.\0003\000.\0002\000\040\000C\000o\000m\000p\000u\000t\000e\000F\000i\000l\000l\000I\000n\000F\000a\000c\000t\000o\000r\000\050\000\051\000\040\000[\0002\000/\0002\000]}{subsection.6.22.3}% 248
\BOOKMARK [3][-]{subsubsection.6.22.3.3}{\376\377\0006\000.\0002\0002\000.\0003\000.\0003\000\040\000C\000o\000m\000p\000u\000t\000e\000M\000a\000x\000E\000a\000r\000l\000y\000A\000r\000r\000i\000v\000a\000l\000\050\000\051}{subsection.6.22.3}% 249
\BOOKMARK [3][-]{subsubsection.6.22.3.4}{\376\377\0006\000.\0002\0002\000.\0003\000.\0004\000\040\000C\000o\000m\000p\000u\000t\000e\000M\000a\000x\000T\000i\000m\000e\000D\000i\000f\000f\000\050\000\051}{subsection.6.22.3}% 250
\BOOKMARK [3][-]{subsubsection.6.22.3.5}{\376\377\0006\000.\0002\0002\000.\0003\000.\0005\000\040\000C\000o\000m\000p\000u\000t\000e\000T\000o\000t\000a\000l\000E\000a\000r\000l\000y\000A\000r\000r\000i\000v\000a\000l\000\050\000\051}{subsection.6.22.3}% 251
\BOOKMARK [3][-]{subsubsection.6.22.3.6}{\376\377\0006\000.\0002\0002\000.\0003\000.\0006\000\040\000C\000o\000m\000p\000u\000t\000e\000T\000o\000t\000a\000l\000T\000i\000m\000e\000D\000i\000f\000f\000\050\000\051}{subsection.6.22.3}% 252
\BOOKMARK [3][-]{subsubsection.6.22.3.7}{\376\377\0006\000.\0002\0002\000.\0003\000.\0007\000\040\000G\000e\000t\000D\000e\000f\000a\000u\000l\000t\000P\000a\000r\000a\000m\000e\000t\000e\000r\000s\000F\000u\000n\000c\000t\000i\000o\000n\000\050\000\051}{subsection.6.22.3}% 253
\BOOKMARK [3][-]{subsubsection.6.22.3.8}{\376\377\0006\000.\0002\0002\000.\0003\000.\0008\000\040\000S\000i\000n\000g\000l\000e\000R\000o\000u\000t\000e\000V\000a\000l\000u\000e\000\050\000\051}{subsection.6.22.3}% 254
\BOOKMARK [3][-]{subsubsection.6.22.3.9}{\376\377\0006\000.\0002\0002\000.\0003\000.\0009\000\040\000V\000a\000l\000u\000e\000\050\000\051}{subsection.6.22.3}% 255
\BOOKMARK [2][-]{subsection.6.22.4}{\376\377\0006\000.\0002\0002\000.\0004\000\040\000P\000r\000o\000p\000e\000r\000t\000y\000\040\000D\000o\000c\000u\000m\000e\000n\000t\000a\000t\000i\000o\000n}{section.6.22}% 256
\BOOKMARK [3][-]{subsubsection.6.22.4.1}{\376\377\0006\000.\0002\0002\000.\0004\000.\0001\000\040\000C\000a\000r\000r\000i\000e\000r\000M\000i\000n\000D\000i\000s\000t\000a\000n\000c\000e\000F\000a\000c\000t\000o\000r}{subsection.6.22.4}% 257
\BOOKMARK [3][-]{subsubsection.6.22.4.2}{\376\377\0006\000.\0002\0002\000.\0004\000.\0002\000\040\000C\000a\000r\000r\000i\000e\000r\000M\000i\000n\000D\000i\000s\000t\000a\000n\000c\000e\000T\000h\000r\000e\000s\000h\000o\000l\000d}{subsection.6.22.4}% 258
\BOOKMARK [3][-]{subsubsection.6.22.4.3}{\376\377\0006\000.\0002\0002\000.\0004\000.\0003\000\040\000C\000a\000r\000r\000i\000e\000r\000S\000h\000a\000r\000e\000F\000a\000c\000t\000o\000r}{subsection.6.22.4}% 259
\BOOKMARK [3][-]{subsubsection.6.22.4.4}{\376\377\0006\000.\0002\0002\000.\0004\000.\0004\000\040\000C\000a\000r\000r\000i\000e\000r\000S\000h\000a\000r\000e\000R\000a\000t\000i\000o}{subsection.6.22.4}% 260
\BOOKMARK [3][-]{subsubsection.6.22.4.5}{\376\377\0006\000.\0002\0002\000.\0004\000.\0005\000\040\000D\000i\000s\000t\000a\000n\000c\000e\000F\000a\000c\000t\000o\000r}{subsection.6.22.4}% 261
\BOOKMARK [3][-]{subsubsection.6.22.4.6}{\376\377\0006\000.\0002\0002\000.\0004\000.\0006\000\040\000D\000r\000i\000v\000e\000T\000i\000m\000e\000F\000a\000c\000t\000o\000r}{subsection.6.22.4}% 262
\BOOKMARK [3][-]{subsubsection.6.22.4.7}{\376\377\0006\000.\0002\0002\000.\0004\000.\0007\000\040\000F\000i\000l\000l\000I\000n\000F\000a\000c\000t\000o\000r}{subsection.6.22.4}% 263
\BOOKMARK [3][-]{subsubsection.6.22.4.8}{\376\377\0006\000.\0002\0002\000.\0004\000.\0008\000\040\000L\000e\000f\000t\000C\000a\000r\000g\000o\000U\000n\000i\000t\000F\000a\000c\000t\000o\000r}{subsection.6.22.4}% 264
\BOOKMARK [3][-]{subsubsection.6.22.4.9}{\376\377\0006\000.\0002\0002\000.\0004\000.\0009\000\040\000M\000a\000x\000D\000e\000l\000a\000y\000F\000a\000c\000t\000o\000r}{subsection.6.22.4}% 265
\BOOKMARK [3][-]{subsubsection.6.22.4.10}{\376\377\0006\000.\0002\0002\000.\0004\000.\0001\0000\000\040\000M\000a\000x\000D\000e\000l\000a\000y\000S\000q\000u\000a\000r\000e\000d\000F\000a\000c\000t\000o\000r}{subsection.6.22.4}% 266
\BOOKMARK [3][-]{subsubsection.6.22.4.11}{\376\377\0006\000.\0002\0002\000.\0004\000.\0001\0001\000\040\000M\000a\000x\000E\000a\000r\000l\000y\000A\000r\000r\000i\000v\000a\000l\000F\000a\000c\000t\000o\000r}{subsection.6.22.4}% 267
\BOOKMARK [3][-]{subsubsection.6.22.4.12}{\376\377\0006\000.\0002\0002\000.\0004\000.\0001\0002\000\040\000M\000a\000x\000E\000a\000r\000l\000y\000A\000r\000r\000i\000v\000a\000l\000S\000q\000u\000a\000r\000e\000d\000F\000a\000c\000t\000o\000r}{subsection.6.22.4}% 268
\BOOKMARK [3][-]{subsubsection.6.22.4.13}{\376\377\0006\000.\0002\0002\000.\0004\000.\0001\0003\000\040\000M\000a\000x\000V\000e\000h\000i\000c\000l\000e\000S\000p\000r\000e\000a\000d\000F\000a\000c\000t\000o\000r}{subsection.6.22.4}% 269
\BOOKMARK [3][-]{subsubsection.6.22.4.14}{\376\377\0006\000.\0002\0002\000.\0004\000.\0001\0004\000\040\000R\000o\000u\000t\000e\000s\000C\000o\000u\000n\000t\000F\000a\000c\000t\000o\000r}{subsection.6.22.4}% 270
\BOOKMARK [3][-]{subsubsection.6.22.4.15}{\376\377\0006\000.\0002\0002\000.\0004\000.\0001\0005\000\040\000T\000o\000t\000a\000l\000D\000e\000l\000a\000y\000F\000a\000c\000t\000o\000r}{subsection.6.22.4}% 271
\BOOKMARK [3][-]{subsubsection.6.22.4.16}{\376\377\0006\000.\0002\0002\000.\0004\000.\0001\0006\000\040\000T\000o\000t\000a\000l\000D\000e\000l\000a\000y\000S\000q\000u\000a\000r\000e\000d\000F\000a\000c\000t\000o\000r}{subsection.6.22.4}% 272
\BOOKMARK [3][-]{subsubsection.6.22.4.17}{\376\377\0006\000.\0002\0002\000.\0004\000.\0001\0007\000\040\000T\000o\000t\000a\000l\000E\000a\000r\000l\000y\000A\000r\000r\000i\000v\000a\000l\000F\000a\000c\000t\000o\000r}{subsection.6.22.4}% 273
\BOOKMARK [3][-]{subsubsection.6.22.4.18}{\376\377\0006\000.\0002\0002\000.\0004\000.\0001\0008\000\040\000T\000o\000t\000a\000l\000E\000a\000r\000l\000y\000A\000r\000r\000i\000v\000a\000l\000S\000q\000u\000a\000r\000e\000d\000F\000a\000c\000t\000o\000r}{subsection.6.22.4}% 274
\BOOKMARK [3][-]{subsubsection.6.22.4.19}{\376\377\0006\000.\0002\0002\000.\0004\000.\0001\0009\000\040\000U\000s\000a\000g\000e\000F\000a\000c\000t\000o\000r}{subsection.6.22.4}% 275
\BOOKMARK [1][-]{section.6.23}{\376\377\0006\000.\0002\0003\000\040\000V\000R\000P\000T\000W\000O\000p\000t\000i\000m\000i\000z\000e\000r\000.\000V\000R\000P\000D\000e\000f\000i\000n\000i\000t\000i\000o\000n\000\040\000C\000l\000a\000s\000s\000\040\000R\000e\000f\000e\000r\000e\000n\000c\000e}{chapter.6}% 276
\BOOKMARK [2][-]{subsection.6.23.1}{\376\377\0006\000.\0002\0003\000.\0001\000\040\000D\000e\000t\000a\000i\000l\000e\000d\000\040\000D\000e\000s\000c\000r\000i\000p\000t\000i\000o\000n}{section.6.23}% 277
\BOOKMARK [2][-]{subsection.6.23.2}{\376\377\0006\000.\0002\0003\000.\0002\000\040\000M\000e\000m\000b\000e\000r\000\040\000F\000u\000n\000c\000t\000i\000o\000n\000\040\000D\000o\000c\000u\000m\000e\000n\000t\000a\000t\000i\000o\000n}{section.6.23}% 278
\BOOKMARK [3][-]{subsubsection.6.23.2.1}{\376\377\0006\000.\0002\0003\000.\0002\000.\0001\000\040\000A\000d\000d\000S\000o\000l\000u\000t\000i\000o\000n\000\050\000\051}{subsection.6.23.2}% 279
\BOOKMARK [3][-]{subsubsection.6.23.2.2}{\376\377\0006\000.\0002\0003\000.\0002\000.\0002\000\040\000G\000e\000n\000e\000r\000a\000t\000e\000V\000R\000P\000D\000e\000f\000i\000n\000t\000i\000o\000n\000\050\000\051\000\040\000[\0001\000/\0002\000]}{subsection.6.23.2}% 280
\BOOKMARK [3][-]{subsubsection.6.23.2.3}{\376\377\0006\000.\0002\0003\000.\0002\000.\0003\000\040\000G\000e\000n\000e\000r\000a\000t\000e\000V\000R\000P\000D\000e\000f\000i\000n\000t\000i\000o\000n\000\050\000\051\000\040\000[\0002\000/\0002\000]}{subsection.6.23.2}% 281
\BOOKMARK [3][-]{subsubsection.6.23.2.4}{\376\377\0006\000.\0002\0003\000.\0002\000.\0004\000\040\000T\000o\000P\000r\000e\000t\000t\000y\000J\000S\000O\000N\000S\000t\000r\000i\000n\000g\000\050\000\051}{subsection.6.23.2}% 282
\BOOKMARK [3][-]{subsubsection.6.23.2.5}{\376\377\0006\000.\0002\0003\000.\0002\000.\0005\000\040\000T\000r\000y\000S\000a\000v\000e\000T\000o\000F\000i\000l\000e\000\050\000\051}{subsection.6.23.2}% 283
\BOOKMARK [2][-]{subsection.6.23.3}{\376\377\0006\000.\0002\0003\000.\0003\000\040\000P\000r\000o\000p\000e\000r\000t\000y\000\040\000D\000o\000c\000u\000m\000e\000n\000t\000a\000t\000i\000o\000n}{section.6.23}% 284
\BOOKMARK [3][-]{subsubsection.6.23.3.1}{\376\377\0006\000.\0002\0003\000.\0003\000.\0001\000\040\000C\000l\000i\000e\000n\000t}{subsection.6.23.3}% 285
\BOOKMARK [3][-]{subsubsection.6.23.3.2}{\376\377\0006\000.\0002\0003\000.\0003\000.\0002\000\040\000C\000o\000s\000t\000F\000u\000n\000c\000t\000i\000o\000n\000F\000a\000c\000t\000o\000r\000s}{subsection.6.23.3}% 286
\BOOKMARK [3][-]{subsubsection.6.23.3.3}{\376\377\0006\000.\0002\0003\000.\0003\000.\0003\000\040\000D\000a\000t\000a\000F\000o\000r\000m\000a\000t\000V\000e\000r\000s\000i\000o\000n}{subsection.6.23.3}% 287
\BOOKMARK [3][-]{subsubsection.6.23.3.4}{\376\377\0006\000.\0002\0003\000.\0003\000.\0004\000\040\000D\000a\000t\000e}{subsection.6.23.3}% 288
\BOOKMARK [3][-]{subsubsection.6.23.3.5}{\376\377\0006\000.\0002\0003\000.\0003\000.\0005\000\040\000D\000e\000p\000o\000t\000I\000d}{subsection.6.23.3}% 289
\BOOKMARK [3][-]{subsubsection.6.23.3.6}{\376\377\0006\000.\0002\0003\000.\0003\000.\0006\000\040\000D\000i\000s\000t\000a\000n\000c\000e\000D\000a\000t\000a}{subsection.6.23.3}% 290
\BOOKMARK [3][-]{subsubsection.6.23.3.7}{\376\377\0006\000.\0002\0003\000.\0003\000.\0007\000\040\000D\000r\000i\000v\000e\000r\000s}{subsection.6.23.3}% 291
\BOOKMARK [3][-]{subsubsection.6.23.3.8}{\376\377\0006\000.\0002\0003\000.\0003\000.\0008\000\040\000R\000e\000q\000u\000e\000s\000t\000s}{subsection.6.23.3}% 292
\BOOKMARK [3][-]{subsubsection.6.23.3.9}{\376\377\0006\000.\0002\0003\000.\0003\000.\0009\000\040\000S\000e\000r\000v\000i\000c\000e\000T\000i\000m\000e\000E\000s\000t\000i\000m\000a\000t\000o\000r}{subsection.6.23.3}% 293
\BOOKMARK [3][-]{subsubsection.6.23.3.10}{\376\377\0006\000.\0002\0003\000.\0003\000.\0001\0000\000\040\000S\000o\000l\000u\000t\000i\000o\000n\000s}{subsection.6.23.3}% 294
\BOOKMARK [3][-]{subsubsection.6.23.3.11}{\376\377\0006\000.\0002\0003\000.\0003\000.\0001\0001\000\040\000V\000e\000h\000i\000c\000l\000e\000s}{subsection.6.23.3}% 295
\BOOKMARK [3][-]{subsubsection.6.23.3.12}{\376\377\0006\000.\0002\0003\000.\0003\000.\0001\0002\000\040\000Z\000e\000r\000o\000H\000o\000u\000r}{subsection.6.23.3}% 296
\BOOKMARK [1][-]{section.6.24}{\376\377\0006\000.\0002\0004\000\040\000V\000R\000P\000T\000W\000O\000p\000t\000i\000m\000i\000z\000e\000r\000.\000V\000R\000P\000O\000p\000t\000i\000m\000i\000z\000e\000r\000R\000e\000s\000u\000l\000t\000\040\000C\000l\000a\000s\000s\000\040\000R\000e\000f\000e\000r\000e\000n\000c\000e}{chapter.6}% 297
\BOOKMARK [2][-]{subsection.6.24.1}{\376\377\0006\000.\0002\0004\000.\0001\000\040\000D\000e\000t\000a\000i\000l\000e\000d\000\040\000D\000e\000s\000c\000r\000i\000p\000t\000i\000o\000n}{section.6.24}% 298
\BOOKMARK [2][-]{subsection.6.24.2}{\376\377\0006\000.\0002\0004\000.\0002\000\040\000P\000r\000o\000p\000e\000r\000t\000y\000\040\000D\000o\000c\000u\000m\000e\000n\000t\000a\000t\000i\000o\000n}{section.6.24}% 299
\BOOKMARK [3][-]{subsubsection.6.24.2.1}{\376\377\0006\000.\0002\0004\000.\0002\000.\0001\000\040\000L\000e\000f\000t\000R\000e\000q\000u\000e\000s\000t\000s}{subsection.6.24.2}% 300
\BOOKMARK [3][-]{subsubsection.6.24.2.2}{\376\377\0006\000.\0002\0004\000.\0002\000.\0002\000\040\000R\000o\000u\000t\000e\000s}{subsection.6.24.2}% 301
\BOOKMARK [1][-]{section.6.25}{\376\377\0006\000.\0002\0005\000\040\000V\000R\000P\000T\000W\000O\000p\000t\000i\000m\000i\000z\000e\000r\000.\000I\000n\000t\000e\000r\000f\000a\000c\000e\000s\000.\000V\000R\000P\000R\000e\000s\000u\000l\000t\000<\000\040\000R\000,\000\040\000V\000,\000\040\000R\000t\000\040\000>\000\040\000C\000l\000a\000s\000s\000\040\000T\000e\000m\000p\000l\000a\000t\000e\000\040\000R\000e\000f\000e\000r\000e\000n\000c\000e}{chapter.6}% 302
\BOOKMARK [2][-]{subsection.6.25.1}{\376\377\0006\000.\0002\0005\000.\0001\000\040\000D\000e\000t\000a\000i\000l\000e\000d\000\040\000D\000e\000s\000c\000r\000i\000p\000t\000i\000o\000n}{section.6.25}% 303
\BOOKMARK [2][-]{subsection.6.25.2}{\376\377\0006\000.\0002\0005\000.\0002\000\040\000C\000o\000n\000s\000t\000r\000u\000c\000t\000o\000r\000\040\000\046\000\040\000D\000e\000s\000t\000r\000u\000c\000t\000o\000r\000\040\000D\000o\000c\000u\000m\000e\000n\000t\000a\000t\000i\000o\000n}{section.6.25}% 304
\BOOKMARK [3][-]{subsubsection.6.25.2.1}{\376\377\0006\000.\0002\0005\000.\0002\000.\0001\000\040\000V\000R\000P\000R\000e\000s\000u\000l\000t\000\050\000\051}{subsection.6.25.2}% 305
\BOOKMARK [2][-]{subsection.6.25.3}{\376\377\0006\000.\0002\0005\000.\0003\000\040\000M\000e\000m\000b\000e\000r\000\040\000F\000u\000n\000c\000t\000i\000o\000n\000\040\000D\000o\000c\000u\000m\000e\000n\000t\000a\000t\000i\000o\000n}{section.6.25}% 306
\BOOKMARK [3][-]{subsubsection.6.25.3.1}{\376\377\0006\000.\0002\0005\000.\0003\000.\0001\000\040\000o\000p\000e\000r\000a\000t\000o\000r\000\040\000T\000u\000p\000l\000e\000<\000\040\000L\000i\000s\000t\000<\000\040\000R\000t\000\040\000>\000,\000\040\000L\000i\000s\000t\000<\000\040\000R\000\040\000>\000\040\000>\000\050\000\051}{subsection.6.25.3}% 307
\BOOKMARK [2][-]{subsection.6.25.4}{\376\377\0006\000.\0002\0005\000.\0004\000\040\000P\000r\000o\000p\000e\000r\000t\000y\000\040\000D\000o\000c\000u\000m\000e\000n\000t\000a\000t\000i\000o\000n}{section.6.25}% 308
\BOOKMARK [3][-]{subsubsection.6.25.4.1}{\376\377\0006\000.\0002\0005\000.\0004\000.\0001\000\040\000L\000e\000f\000t\000R\000e\000q\000u\000e\000s\000t\000s}{subsection.6.25.4}% 309
\BOOKMARK [3][-]{subsubsection.6.25.4.2}{\376\377\0006\000.\0002\0005\000.\0004\000.\0002\000\040\000R\000o\000u\000t\000e\000s}{subsection.6.25.4}% 310
\BOOKMARK [3][-]{subsubsection.6.25.4.3}{\376\377\0006\000.\0002\0005\000.\0004\000.\0003\000\040\000T\000r\000a\000c\000t\000o\000r\000R\000o\000u\000t\000e\000s}{subsection.6.25.4}% 311
\BOOKMARK [1][-]{section.6.26}{\376\377\0006\000.\0002\0006\000\040\000V\000R\000P\000T\000W\000O\000p\000t\000i\000m\000i\000z\000e\000r\000.\000V\000R\000P\000S\000o\000l\000u\000t\000i\000o\000n\000\040\000C\000l\000a\000s\000s\000\040\000R\000e\000f\000e\000r\000e\000n\000c\000e}{chapter.6}% 312
\BOOKMARK [2][-]{subsection.6.26.1}{\376\377\0006\000.\0002\0006\000.\0001\000\040\000D\000e\000t\000a\000i\000l\000e\000d\000\040\000D\000e\000s\000c\000r\000i\000p\000t\000i\000o\000n}{section.6.26}% 313
\BOOKMARK [2][-]{subsection.6.26.2}{\376\377\0006\000.\0002\0006\000.\0002\000\040\000M\000e\000m\000b\000e\000r\000\040\000F\000u\000n\000c\000t\000i\000o\000n\000\040\000D\000o\000c\000u\000m\000e\000n\000t\000a\000t\000i\000o\000n}{section.6.26}% 314
\BOOKMARK [3][-]{subsubsection.6.26.2.1}{\376\377\0006\000.\0002\0006\000.\0002\000.\0001\000\040\000G\000e\000n\000e\000r\000a\000t\000e\000V\000R\000P\000S\000o\000l\000u\000t\000i\000o\000n\000\050\000\051}{subsection.6.26.2}% 315
\BOOKMARK [2][-]{subsection.6.26.3}{\376\377\0006\000.\0002\0006\000.\0003\000\040\000P\000r\000o\000p\000e\000r\000t\000y\000\040\000D\000o\000c\000u\000m\000e\000n\000t\000a\000t\000i\000o\000n}{section.6.26}% 316
\BOOKMARK [3][-]{subsubsection.6.26.3.1}{\376\377\0006\000.\0002\0006\000.\0003\000.\0001\000\040\000A\000l\000g\000o\000r\000i\000t\000h\000m}{subsection.6.26.3}% 317
\BOOKMARK [3][-]{subsubsection.6.26.3.2}{\376\377\0006\000.\0002\0006\000.\0003\000.\0002\000\040\000C\000o\000m\000p\000u\000t\000a\000t\000i\000o\000n\000T\000i\000m\000e}{subsection.6.26.3}% 318
\BOOKMARK [3][-]{subsubsection.6.26.3.3}{\376\377\0006\000.\0002\0006\000.\0003\000.\0003\000\040\000C\000o\000m\000p\000u\000t\000a\000t\000i\000o\000n\000T\000i\000m\000e\000s\000t\000a\000m\000p}{subsection.6.26.3}% 319
\BOOKMARK [3][-]{subsubsection.6.26.3.4}{\376\377\0006\000.\0002\0006\000.\0003\000.\0004\000\040\000C\000o\000m\000p\000u\000t\000e\000r\000I\000d}{subsection.6.26.3}% 320
\BOOKMARK [3][-]{subsubsection.6.26.3.5}{\376\377\0006\000.\0002\0006\000.\0003\000.\0005\000\040\000D\000e\000l\000a\000y\000s\000C\000o\000u\000n\000t}{subsection.6.26.3}% 321
\BOOKMARK [3][-]{subsubsection.6.26.3.6}{\376\377\0006\000.\0002\0006\000.\0003\000.\0006\000\040\000L\000e\000f\000t\000R\000e\000q\000u\000e\000s\000t\000s\000I\000d\000s}{subsection.6.26.3}% 322
\BOOKMARK [3][-]{subsubsection.6.26.3.7}{\376\377\0006\000.\0002\0006\000.\0003\000.\0007\000\040\000M\000a\000x\000D\000e\000l\000a\000y}{subsection.6.26.3}% 323
\BOOKMARK [3][-]{subsubsection.6.26.3.8}{\376\377\0006\000.\0002\0006\000.\0003\000.\0008\000\040\000T\000o\000t\000a\000l\000D\000e\000l\000a\000y}{subsection.6.26.3}% 324
\BOOKMARK [3][-]{subsubsection.6.26.3.9}{\376\377\0006\000.\0002\0006\000.\0003\000.\0009\000\040\000T\000o\000t\000a\000l\000L\000e\000n\000g\000t\000h}{subsection.6.26.3}% 325
\BOOKMARK [3][-]{subsubsection.6.26.3.10}{\376\377\0006\000.\0002\0006\000.\0003\000.\0001\0000\000\040\000T\000r\000a\000n\000s\000p\000o\000r\000t\000s}{subsection.6.26.3}% 326
\BOOKMARK [3][-]{subsubsection.6.26.3.11}{\376\377\0006\000.\0002\0006\000.\0003\000.\0001\0001\000\040\000V\000e\000r\000s\000i\000o\000n}{subsection.6.26.3}% 327
\BOOKMARK [0][-]{chapter.7}{\376\377\0007\000\040\000F\000i\000l\000e\000\040\000D\000o\000c\000u\000m\000e\000n\000t\000a\000t\000i\000o\000n}{}% 328
\BOOKMARK [1][-]{section.7.1}{\376\377\0007\000.\0001\000\040\000C\000a\000r\000g\000o\000U\000n\000i\000t\000.\000c\000s\000\040\000F\000i\000l\000e\000\040\000R\000e\000f\000e\000r\000e\000n\000c\000e}{chapter.7}% 329
\BOOKMARK [1][-]{section.7.2}{\376\377\0007\000.\0002\000\040\000C\000a\000r\000g\000o\000U\000n\000i\000t\000.\000c\000s}{chapter.7}% 330
\BOOKMARK [1][-]{section.7.3}{\376\377\0007\000.\0003\000\040\000D\000i\000c\000t\000i\000o\000n\000a\000r\000y\000D\000i\000s\000t\000a\000n\000c\000e\000P\000r\000o\000v\000i\000d\000e\000r\000B\000a\000s\000e\000.\000c\000s\000\040\000F\000i\000l\000e\000\040\000R\000e\000f\000e\000r\000e\000n\000c\000e}{chapter.7}% 331
\BOOKMARK [1][-]{section.7.4}{\376\377\0007\000.\0004\000\040\000D\000i\000c\000t\000i\000o\000n\000a\000r\000y\000D\000i\000s\000t\000a\000n\000c\000e\000P\000r\000o\000v\000i\000d\000e\000r\000B\000a\000s\000e\000.\000c\000s}{chapter.7}% 332
\BOOKMARK [1][-]{section.7.5}{\376\377\0007\000.\0005\000\040\000D\000r\000i\000v\000e\000r\000.\000c\000s\000\040\000F\000i\000l\000e\000\040\000R\000e\000f\000e\000r\000e\000n\000c\000e}{chapter.7}% 333
\BOOKMARK [1][-]{section.7.6}{\376\377\0007\000.\0006\000\040\000D\000r\000i\000v\000e\000r\000.\000c\000s}{chapter.7}% 334
\BOOKMARK [1][-]{section.7.7}{\376\377\0007\000.\0007\000\040\000P\000i\000c\000k\000i\000n\000g\000S\000c\000h\000e\000d\000u\000l\000e\000.\000c\000s\000\040\000F\000i\000l\000e\000\040\000R\000e\000f\000e\000r\000e\000n\000c\000e}{chapter.7}% 335
\BOOKMARK [1][-]{section.7.8}{\376\377\0007\000.\0008\000\040\000P\000i\000c\000k\000i\000n\000g\000S\000c\000h\000e\000d\000u\000l\000e\000.\000c\000s}{chapter.7}% 336
\BOOKMARK [1][-]{section.7.9}{\376\377\0007\000.\0009\000\040\000S\000t\000o\000r\000e\000P\000i\000c\000k\000i\000n\000g\000L\000i\000s\000t\000.\000c\000s\000\040\000F\000i\000l\000e\000\040\000R\000e\000f\000e\000r\000e\000n\000c\000e}{chapter.7}% 337
\BOOKMARK [1][-]{section.7.10}{\376\377\0007\000.\0001\0000\000\040\000S\000t\000o\000r\000e\000P\000i\000c\000k\000i\000n\000g\000L\000i\000s\000t\000.\000c\000s}{chapter.7}% 338
\BOOKMARK [1][-]{section.7.11}{\376\377\0007\000.\0001\0001\000\040\000T\000i\000m\000e\000I\000n\000t\000e\000r\000v\000a\000l\000.\000c\000s\000\040\000F\000i\000l\000e\000\040\000R\000e\000f\000e\000r\000e\000n\000c\000e}{chapter.7}% 339
\BOOKMARK [1][-]{section.7.12}{\376\377\0007\000.\0001\0002\000\040\000T\000i\000m\000e\000I\000n\000t\000e\000r\000v\000a\000l\000.\000c\000s}{chapter.7}% 340
\BOOKMARK [1][-]{section.7.13}{\376\377\0007\000.\0001\0003\000\040\000T\000r\000a\000n\000s\000p\000o\000r\000t\000P\000i\000c\000k\000i\000n\000g\000L\000i\000s\000t\000s\000.\000c\000s\000\040\000F\000i\000l\000e\000\040\000R\000e\000f\000e\000r\000e\000n\000c\000e}{chapter.7}% 341
\BOOKMARK [1][-]{section.7.14}{\376\377\0007\000.\0001\0004\000\040\000T\000r\000a\000n\000s\000p\000o\000r\000t\000P\000i\000c\000k\000i\000n\000g\000L\000i\000s\000t\000s\000.\000c\000s}{chapter.7}% 342
\BOOKMARK [1][-]{section.7.15}{\376\377\0007\000.\0001\0005\000\040\000V\000e\000h\000i\000c\000l\000e\000S\000c\000h\000e\000d\000u\000l\000e\000.\000c\000s\000\040\000F\000i\000l\000e\000\040\000R\000e\000f\000e\000r\000e\000n\000c\000e}{chapter.7}% 343
\BOOKMARK [1][-]{section.7.16}{\376\377\0007\000.\0001\0006\000\040\000V\000e\000h\000i\000c\000l\000e\000S\000c\000h\000e\000d\000u\000l\000e\000.\000c\000s}{chapter.7}% 344
\BOOKMARK [1][-]{section.7.17}{\376\377\0007\000.\0001\0007\000\040\000A\000g\000g\000r\000e\000g\000a\000t\000i\000o\000n\000.\000c\000s\000\040\000F\000i\000l\000e\000\040\000R\000e\000f\000e\000r\000e\000n\000c\000e}{chapter.7}% 345
\BOOKMARK [1][-]{section.7.18}{\376\377\0007\000.\0001\0008\000\040\000A\000g\000g\000r\000e\000g\000a\000t\000i\000o\000n\000.\000c\000s}{chapter.7}% 346
\BOOKMARK [1][-]{section.7.19}{\376\377\0007\000.\0001\0009\000\040\000C\000a\000r\000g\000o\000T\000y\000p\000e\000.\000c\000s\000\040\000F\000i\000l\000e\000\040\000R\000e\000f\000e\000r\000e\000n\000c\000e}{chapter.7}% 347
\BOOKMARK [1][-]{section.7.20}{\376\377\0007\000.\0002\0000\000\040\000C\000a\000r\000g\000o\000T\000y\000p\000e\000.\000c\000s}{chapter.7}% 348
\BOOKMARK [1][-]{section.7.21}{\376\377\0007\000.\0002\0001\000\040\000C\000a\000r\000g\000o\000U\000n\000i\000t\000T\000y\000p\000e\000.\000c\000s\000\040\000F\000i\000l\000e\000\040\000R\000e\000f\000e\000r\000e\000n\000c\000e}{chapter.7}% 349
\BOOKMARK [1][-]{section.7.22}{\376\377\0007\000.\0002\0002\000\040\000C\000a\000r\000g\000o\000U\000n\000i\000t\000T\000y\000p\000e\000.\000c\000s}{chapter.7}% 350
\BOOKMARK [1][-]{section.7.23}{\376\377\0007\000.\0002\0003\000\040\000R\000e\000q\000u\000e\000s\000t\000T\000y\000p\000e\000.\000c\000s\000\040\000F\000i\000l\000e\000\040\000R\000e\000f\000e\000r\000e\000n\000c\000e}{chapter.7}% 351
\BOOKMARK [1][-]{section.7.24}{\376\377\0007\000.\0002\0004\000\040\000R\000e\000q\000u\000e\000s\000t\000T\000y\000p\000e\000.\000c\000s}{chapter.7}% 352
\BOOKMARK [1][-]{section.7.25}{\376\377\0007\000.\0002\0005\000\040\000I\000n\000s\000e\000r\000t\000i\000o\000n\000R\000e\000s\000u\000l\000t\000.\000c\000s\000\040\000F\000i\000l\000e\000\040\000R\000e\000f\000e\000r\000e\000n\000c\000e}{chapter.7}% 353
\BOOKMARK [1][-]{section.7.26}{\376\377\0007\000.\0002\0006\000\040\000I\000n\000s\000e\000r\000t\000i\000o\000n\000R\000e\000s\000u\000l\000t\000.\000c\000s}{chapter.7}% 354
\BOOKMARK [1][-]{section.7.27}{\376\377\0007\000.\0002\0007\000\040\000I\000R\000o\000u\000t\000e\000.\000c\000s\000\040\000F\000i\000l\000e\000\040\000R\000e\000f\000e\000r\000e\000n\000c\000e}{chapter.7}% 355
\BOOKMARK [1][-]{section.7.28}{\376\377\0007\000.\0002\0008\000\040\000I\000R\000o\000u\000t\000e\000.\000c\000s}{chapter.7}% 356
\BOOKMARK [1][-]{section.7.29}{\376\377\0007\000.\0002\0009\000\040\000I\000T\000i\000m\000e\000E\000s\000t\000i\000m\000a\000t\000o\000r\000.\000c\000s\000\040\000F\000i\000l\000e\000\040\000R\000e\000f\000e\000r\000e\000n\000c\000e}{chapter.7}% 357
\BOOKMARK [1][-]{section.7.30}{\376\377\0007\000.\0003\0000\000\040\000I\000T\000i\000m\000e\000E\000s\000t\000i\000m\000a\000t\000o\000r\000.\000c\000s}{chapter.7}% 358
\BOOKMARK [1][-]{section.7.31}{\376\377\0007\000.\0003\0001\000\040\000I\000V\000R\000P\000O\000p\000t\000i\000m\000i\000z\000e\000r\000.\000c\000s\000\040\000F\000i\000l\000e\000\040\000R\000e\000f\000e\000r\000e\000n\000c\000e}{chapter.7}% 359
\BOOKMARK [1][-]{section.7.32}{\376\377\0007\000.\0003\0002\000\040\000I\000V\000R\000P\000O\000p\000t\000i\000m\000i\000z\000e\000r\000.\000c\000s}{chapter.7}% 360
\BOOKMARK [1][-]{section.7.33}{\376\377\0007\000.\0003\0003\000\040\000I\000V\000R\000P\000O\000p\000t\000i\000m\000i\000z\000e\000r\000F\000a\000c\000t\000o\000r\000y\000.\000c\000s\000\040\000F\000i\000l\000e\000\040\000R\000e\000f\000e\000r\000e\000n\000c\000e}{chapter.7}% 361
\BOOKMARK [1][-]{section.7.34}{\376\377\0007\000.\0003\0004\000\040\000I\000V\000R\000P\000O\000p\000t\000i\000m\000i\000z\000e\000r\000F\000a\000c\000t\000o\000r\000y\000.\000c\000s}{chapter.7}% 362
\BOOKMARK [1][-]{section.7.35}{\376\377\0007\000.\0003\0005\000\040\000I\000V\000R\000P\000P\000r\000o\000v\000i\000d\000e\000r\000.\000c\000s\000\040\000F\000i\000l\000e\000\040\000R\000e\000f\000e\000r\000e\000n\000c\000e}{chapter.7}% 363
\BOOKMARK [1][-]{section.7.36}{\376\377\0007\000.\0003\0006\000\040\000I\000V\000R\000P\000P\000r\000o\000v\000i\000d\000e\000r\000.\000c\000s}{chapter.7}% 364
\BOOKMARK [1][-]{section.7.37}{\376\377\0007\000.\0003\0007\000\040\000I\000V\000R\000P\000S\000o\000l\000u\000t\000i\000o\000n\000W\000r\000i\000t\000e\000r\000.\000c\000s\000\040\000F\000i\000l\000e\000\040\000R\000e\000f\000e\000r\000e\000n\000c\000e}{chapter.7}% 365
\BOOKMARK [1][-]{section.7.38}{\376\377\0007\000.\0003\0008\000\040\000I\000V\000R\000P\000S\000o\000l\000u\000t\000i\000o\000n\000W\000r\000i\000t\000e\000r\000.\000c\000s}{chapter.7}% 366
\BOOKMARK [1][-]{section.7.39}{\376\377\0007\000.\0003\0009\000\040\000V\000R\000P\000R\000e\000s\000u\000l\000t\000.\000c\000s\000\040\000F\000i\000l\000e\000\040\000R\000e\000f\000e\000r\000e\000n\000c\000e}{chapter.7}% 367
\BOOKMARK [1][-]{section.7.40}{\376\377\0007\000.\0004\0000\000\040\000V\000R\000P\000R\000e\000s\000u\000l\000t\000.\000c\000s}{chapter.7}% 368
\BOOKMARK [1][-]{section.7.41}{\376\377\0007\000.\0004\0001\000\040\000J\000S\000O\000N\000D\000e\000f\000i\000n\000i\000t\000i\000o\000n\000W\000r\000i\000t\000e\000r\000.\000c\000s\000\040\000F\000i\000l\000e\000\040\000R\000e\000f\000e\000r\000e\000n\000c\000e}{chapter.7}% 369
\BOOKMARK [1][-]{section.7.42}{\376\377\0007\000.\0004\0002\000\040\000J\000S\000O\000N\000D\000e\000f\000i\000n\000i\000t\000i\000o\000n\000W\000r\000i\000t\000e\000r\000.\000c\000s}{chapter.7}% 370
\BOOKMARK [1][-]{section.7.43}{\376\377\0007\000.\0004\0003\000\040\000.\000N\000E\000T\000C\000o\000r\000e\000A\000p\000p\000,\000V\000e\000r\000s\000i\000o\000n\000=\000v\0005\000.\0000\000.\000A\000s\000s\000e\000m\000b\000l\000y\000A\000t\000t\000r\000i\000b\000u\000t\000e\000s\000.\000c\000s\000\040\000F\000i\000l\000e\000\040\000R\000e\000f\000e\000r\000e\000n\000c\000e}{chapter.7}% 371
\BOOKMARK [1][-]{section.7.44}{\376\377\0007\000.\0004\0004\000\040\000D\000e\000b\000u\000g\000/\000n\000e\000t\0005\000.\0000\000/\000.\000N\000E\000T\000C\000o\000r\000e\000A\000p\000p\000,\000V\000e\000r\000s\000i\000o\000n\000=\000v\0005\000.\0000\000.\000A\000s\000s\000e\000m\000b\000l\000y\000A\000t\000t\000r\000i\000b\000u\000t\000e\000s\000.\000c\000s}{chapter.7}% 372
\BOOKMARK [1][-]{section.7.45}{\376\377\0007\000.\0004\0005\000\040\000.\000N\000E\000T\000C\000o\000r\000e\000A\000p\000p\000,\000V\000e\000r\000s\000i\000o\000n\000=\000v\0005\000.\0000\000.\000A\000s\000s\000e\000m\000b\000l\000y\000A\000t\000t\000r\000i\000b\000u\000t\000e\000s\000.\000c\000s\000\040\000F\000i\000l\000e\000\040\000R\000e\000f\000e\000r\000e\000n\000c\000e}{chapter.7}% 373
\BOOKMARK [1][-]{section.7.46}{\376\377\0007\000.\0004\0006\000\040\000R\000e\000l\000e\000a\000s\000e\000/\000n\000e\000t\0005\000.\0000\000/\000.\000N\000E\000T\000C\000o\000r\000e\000A\000p\000p\000,\000V\000e\000r\000s\000i\000o\000n\000=\000v\0005\000.\0000\000.\000A\000s\000s\000e\000m\000b\000l\000y\000A\000t\000t\000r\000i\000b\000u\000t\000e\000s\000.\000c\000s}{chapter.7}% 374
\BOOKMARK [1][-]{section.7.47}{\376\377\0007\000.\0004\0007\000\040\000V\000R\000P\000T\000W\000O\000p\000t\000i\000m\000i\000z\000e\000r\000.\000A\000s\000s\000e\000m\000b\000l\000y\000I\000n\000f\000o\000.\000c\000s\000\040\000F\000i\000l\000e\000\040\000R\000e\000f\000e\000r\000e\000n\000c\000e}{chapter.7}% 375
\BOOKMARK [1][-]{section.7.48}{\376\377\0007\000.\0004\0008\000\040\000D\000e\000b\000u\000g\000/\000n\000e\000t\0005\000.\0000\000/\000V\000R\000P\000T\000W\000O\000p\000t\000i\000m\000i\000z\000e\000r\000.\000A\000s\000s\000e\000m\000b\000l\000y\000I\000n\000f\000o\000.\000c\000s}{chapter.7}% 376
\BOOKMARK [1][-]{section.7.49}{\376\377\0007\000.\0004\0009\000\040\000V\000R\000P\000T\000W\000O\000p\000t\000i\000m\000i\000z\000e\000r\000.\000A\000s\000s\000e\000m\000b\000l\000y\000I\000n\000f\000o\000.\000c\000s\000\040\000F\000i\000l\000e\000\040\000R\000e\000f\000e\000r\000e\000n\000c\000e}{chapter.7}% 377
\BOOKMARK [1][-]{section.7.50}{\376\377\0007\000.\0005\0000\000\040\000R\000e\000l\000e\000a\000s\000e\000/\000n\000e\000t\0005\000.\0000\000/\000V\000R\000P\000T\000W\000O\000p\000t\000i\000m\000i\000z\000e\000r\000.\000A\000s\000s\000e\000m\000b\000l\000y\000I\000n\000f\000o\000.\000c\000s}{chapter.7}% 378
\BOOKMARK [1][-]{section.7.51}{\376\377\0007\000.\0005\0001\000\040\000R\000e\000s\000o\000u\000r\000c\000e\000.\000c\000s\000\040\000F\000i\000l\000e\000\040\000R\000e\000f\000e\000r\000e\000n\000c\000e}{chapter.7}% 379
\BOOKMARK [1][-]{section.7.52}{\376\377\0007\000.\0005\0002\000\040\000R\000e\000s\000o\000u\000r\000c\000e\000.\000c\000s}{chapter.7}% 380
\BOOKMARK [1][-]{section.7.53}{\376\377\0007\000.\0005\0003\000\040\000T\000r\000a\000n\000s\000p\000o\000r\000t\000R\000e\000q\000u\000e\000s\000t\000.\000c\000s\000\040\000F\000i\000l\000e\000\040\000R\000e\000f\000e\000r\000e\000n\000c\000e}{chapter.7}% 381
\BOOKMARK [1][-]{section.7.54}{\376\377\0007\000.\0005\0004\000\040\000T\000r\000a\000n\000s\000p\000o\000r\000t\000R\000e\000q\000u\000e\000s\000t\000.\000c\000s}{chapter.7}% 382
\BOOKMARK [1][-]{section.7.55}{\376\377\0007\000.\0005\0005\000\040\000V\000e\000h\000i\000c\000l\000e\000.\000c\000s\000\040\000F\000i\000l\000e\000\040\000R\000e\000f\000e\000r\000e\000n\000c\000e}{chapter.7}% 383
\BOOKMARK [1][-]{section.7.56}{\376\377\0007\000.\0005\0006\000\040\000V\000e\000h\000i\000c\000l\000e\000.\000c\000s}{chapter.7}% 384
\BOOKMARK [1][-]{section.7.57}{\376\377\0007\000.\0005\0007\000\040\000V\000R\000P\000C\000o\000s\000t\000F\000u\000n\000c\000t\000i\000o\000n\000.\000c\000s\000\040\000F\000i\000l\000e\000\040\000R\000e\000f\000e\000r\000e\000n\000c\000e}{chapter.7}% 385
\BOOKMARK [1][-]{section.7.58}{\376\377\0007\000.\0005\0008\000\040\000V\000R\000P\000C\000o\000s\000t\000F\000u\000n\000c\000t\000i\000o\000n\000.\000c\000s}{chapter.7}% 386
\BOOKMARK [1][-]{section.7.59}{\376\377\0007\000.\0005\0009\000\040\000V\000R\000P\000D\000e\000f\000i\000n\000i\000t\000i\000o\000n\000.\000c\000s\000\040\000F\000i\000l\000e\000\040\000R\000e\000f\000e\000r\000e\000n\000c\000e}{chapter.7}% 387
\BOOKMARK [1][-]{section.7.60}{\376\377\0007\000.\0006\0000\000\040\000V\000R\000P\000D\000e\000f\000i\000n\000i\000t\000i\000o\000n\000.\000c\000s}{chapter.7}% 388
\BOOKMARK [1][-]{section.7.61}{\376\377\0007\000.\0006\0001\000\040\000V\000R\000P\000O\000p\000t\000i\000m\000i\000z\000e\000r\000R\000e\000s\000u\000l\000t\000.\000c\000s\000\040\000F\000i\000l\000e\000\040\000R\000e\000f\000e\000r\000e\000n\000c\000e}{chapter.7}% 389
\BOOKMARK [1][-]{section.7.62}{\376\377\0007\000.\0006\0002\000\040\000V\000R\000P\000O\000p\000t\000i\000m\000i\000z\000e\000r\000R\000e\000s\000u\000l\000t\000.\000c\000s}{chapter.7}% 390
\BOOKMARK [1][-]{section.7.63}{\376\377\0007\000.\0006\0003\000\040\000V\000R\000P\000S\000o\000l\000u\000t\000i\000o\000n\000.\000c\000s\000\040\000F\000i\000l\000e\000\040\000R\000e\000f\000e\000r\000e\000n\000c\000e}{chapter.7}% 391
\BOOKMARK [1][-]{section.7.64}{\376\377\0007\000.\0006\0004\000\040\000V\000R\000P\000S\000o\000l\000u\000t\000i\000o\000n\000.\000c\000s}{chapter.7}% 392
\BOOKMARK [0][-]{section*.116}{\376\377\000I\000n\000d\000e\000x}{}% 393
